Copyright 1986-2022 Xilinx, Inc. All Rights Reserved. Copyright 2022-2025 Advanced Micro Devices, Inc. All Rights Reserved.
------------------------------------------------------------------------------------------------------------------------------------------------------------------------------------------------------------------------------
| Tool Version : Vivado v.2025.1 (win64) Build 6140274 Thu May 22 00:12:29 MDT 2025
| Date         : Tue May 26 16:05:52 2026
| Host         : LAPTOP-QR3M58JR running 64-bit major release  (build 9200)
| Command      : report_timing_summary -max_paths 10 -routable_nets -report_unconstrained -file parent_timing_summary_routed.rpt -pb parent_timing_summary_routed.pb -rpx parent_timing_summary_routed.rpx -warn_on_violation
| Design       : parent
| Device       : 7z020-clg400
| Speed File   : -1  PRODUCTION 1.12 2019-11-22
| Design State : Routed
------------------------------------------------------------------------------------------------------------------------------------------------------------------------------------------------------------------------------

Timing Summary Report

------------------------------------------------------------------------------------------------
| Timer Settings
| --------------
------------------------------------------------------------------------------------------------

  Enable Multi Corner Analysis               :  Yes
  Enable Pessimism Removal                   :  Yes
  Pessimism Removal Resolution               :  Nearest Common Node
  Enable Input Delay Default Clock           :  No
  Enable Preset / Clear Arcs                 :  No
  Disable Flight Delays                      :  No
  Ignore I/O Paths                           :  No
  Timing Early Launch at Borrowing Latches   :  No
  Borrow Time for Max Delay Exceptions       :  Yes
  Merge Timing Exceptions                    :  Yes
  Inter-SLR Compensation                     :  Conservative

  Corner  Analyze    Analyze    
  Name    Max Paths  Min Paths  
  ------  ---------  ---------  
  Slow    Yes        Yes        
  Fast    Yes        Yes        


------------------------------------------------------------------------------------------------
| Report Methodology
| ------------------
------------------------------------------------------------------------------------------------

Rule       Severity          Description                    Violations  
---------  ----------------  -----------------------------  ----------  
TIMING-17  Critical Warning  Non-clocked sequential cell    1000        
TIMING-18  Warning           Missing input or output delay  1           

Note: This report is based on the most recent report_methodology run and may not be up-to-date. Run report_methodology on the current design for the latest report.



check_timing report

Table of Contents
-----------------
1. checking no_clock (1651)
2. checking constant_clock (0)
3. checking pulse_width_clock (0)
4. checking unconstrained_internal_endpoints (4461)
5. checking no_input_delay (10)
6. checking no_output_delay (9)
7. checking multiple_clock (0)
8. checking generated_clocks (0)
9. checking loops (0)
10. checking partial_input_delay (0)
11. checking partial_output_delay (0)
12. checking latch_loops (0)

1. checking no_clock (1651)
---------------------------
 There are 1651 register/latch pins with no clock driven by root clock pin: TFF/q_reg/Q (HIGH)


2. checking constant_clock (0)
------------------------------
 There are 0 register/latch pins with constant_clock.


3. checking pulse_width_clock (0)
---------------------------------
 There are 0 register/latch pins which need pulse_width check


4. checking unconstrained_internal_endpoints (4461)
---------------------------------------------------
 There are 4461 pins that are not constrained for maximum delay. (HIGH)

 There are 0 pins that are not constrained for maximum delay due to constant clock.


5. checking no_input_delay (10)
-------------------------------
 There are 10 input ports with no input delay specified. (HIGH)

 There are 0 input ports with no input delay but user has a false path constraint.


6. checking no_output_delay (9)
-------------------------------
 There are 9 ports with no output delay specified. (HIGH)

 There are 0 ports with no output delay but user has a false path constraint

 There are 0 ports with no output delay but with a timing clock defined on it or propagating through it


7. checking multiple_clock (0)
------------------------------
 There are 0 register/latch pins with multiple clocks.


8. checking generated_clocks (0)
--------------------------------
 There are 0 generated clocks that are not connected to a clock source.


9. checking loops (0)
---------------------
 There are 0 combinational loops in the design.


10. checking partial_input_delay (0)
------------------------------------
 There are 0 input ports with partial input delay specified.


11. checking partial_output_delay (0)
-------------------------------------
 There are 0 ports with partial output delay specified.


12. checking latch_loops (0)
----------------------------
 There are 0 combinational latch loops in the design through latch input



------------------------------------------------------------------------------------------------
| Design Timing Summary
| ---------------------
------------------------------------------------------------------------------------------------

    WNS(ns)      TNS(ns)  TNS Failing Endpoints  TNS Total Endpoints      WHS(ns)      THS(ns)  THS Failing Endpoints  THS Total Endpoints     WPWS(ns)     TPWS(ns)  TPWS Failing Endpoints  TPWS Total Endpoints  
    -------      -------  ---------------------  -------------------      -------      -------  ---------------------  -------------------     --------     --------  ----------------------  --------------------  
      6.908        0.000                      0                    1        0.263        0.000                      0                    1        3.500        0.000                       0                     2  


All user specified timing constraints are met.


------------------------------------------------------------------------------------------------
| Clock Summary
| -------------
------------------------------------------------------------------------------------------------

Clock    Waveform(ns)         Period(ns)      Frequency(MHz)
-----    ------------         ----------      --------------
sys_clk  {0.000 4.000}        8.000           125.000         


------------------------------------------------------------------------------------------------
| Intra Clock Table
| -----------------
------------------------------------------------------------------------------------------------

Clock             WNS(ns)      TNS(ns)  TNS Failing Endpoints  TNS Total Endpoints      WHS(ns)      THS(ns)  THS Failing Endpoints  THS Total Endpoints     WPWS(ns)     TPWS(ns)  TPWS Failing Endpoints  TPWS Total Endpoints  
-----             -------      -------  ---------------------  -------------------      -------      -------  ---------------------  -------------------     --------     --------  ----------------------  --------------------  
sys_clk             6.908        0.000                      0                    1        0.263        0.000                      0                    1        3.500        0.000                       0                     2  


------------------------------------------------------------------------------------------------
| Inter Clock Table
| -----------------
------------------------------------------------------------------------------------------------

From Clock    To Clock          WNS(ns)      TNS(ns)  TNS Failing Endpoints  TNS Total Endpoints      WHS(ns)      THS(ns)  THS Failing Endpoints  THS Total Endpoints  
----------    --------          -------      -------  ---------------------  -------------------      -------      -------  ---------------------  -------------------  


------------------------------------------------------------------------------------------------
| Other Path Groups Table
| -----------------------
------------------------------------------------------------------------------------------------

Path Group    From Clock    To Clock          WNS(ns)      TNS(ns)  TNS Failing Endpoints  TNS Total Endpoints      WHS(ns)      THS(ns)  THS Failing Endpoints  THS Total Endpoints  
----------    ----------    --------          -------      -------  ---------------------  -------------------      -------      -------  ---------------------  -------------------  


------------------------------------------------------------------------------------------------
| User Ignored Path Table
| -----------------------
------------------------------------------------------------------------------------------------

Path Group    From Clock    To Clock    
----------    ----------    --------    


------------------------------------------------------------------------------------------------
| Unconstrained Path Table
| ------------------------
------------------------------------------------------------------------------------------------

Path Group    From Clock    To Clock    
----------    ----------    --------    
(none)                                    
(none)                      sys_clk       


------------------------------------------------------------------------------------------------
| Timing Details
| --------------
------------------------------------------------------------------------------------------------


---------------------------------------------------------------------------------------------------
From Clock:  sys_clk
  To Clock:  sys_clk

Setup :            0  Failing Endpoints,  Worst Slack        6.908ns,  Total Violation        0.000ns
Hold  :            0  Failing Endpoints,  Worst Slack        0.263ns,  Total Violation        0.000ns
PW    :            0  Failing Endpoints,  Worst Slack        3.500ns,  Total Violation        0.000ns
---------------------------------------------------------------------------------------------------


Max Delay Paths
--------------------------------------------------------------------------------------
Slack (MET) :             6.908ns  (required time - arrival time)
  Source:                 TFF/q_reg/C
                            (rising edge-triggered cell FDCE clocked by sys_clk  {rise@0.000ns fall@4.000ns period=8.000ns})
  Destination:            TFF/q_reg/D
                            (rising edge-triggered cell FDCE clocked by sys_clk  {rise@0.000ns fall@4.000ns period=8.000ns})
  Path Group:             sys_clk
  Path Type:              Setup (Max at Slow Process Corner)
  Requirement:            8.000ns  (sys_clk rise@8.000ns - sys_clk rise@0.000ns)
  Data Path Delay:        1.085ns  (logic 0.580ns (53.444%)  route 0.505ns (46.556%))
  Logic Levels:           1  (LUT1=1)
  Clock Path Skew:        0.000ns (DCD - SCD + CPR)
    Destination Clock Delay (DCD):    5.258ns = ( 13.258 - 8.000 ) 
    Source Clock Delay      (SCD):    5.741ns
    Clock Pessimism Removal (CPR):    0.483ns
  Clock Uncertainty:      0.035ns  ((TSJ^2 + TIJ^2)^1/2 + DJ) / 2 + PE
    Total System Jitter     (TSJ):    0.071ns
    Total Input Jitter      (TIJ):    0.000ns
    Discrete Jitter          (DJ):    0.000ns
    Phase Error              (PE):    0.000ns

    Location             Delay type                Incr(ns)  Path(ns)    Netlist Resource(s)
  -------------------------------------------------------------------    -------------------
                         (clock sys_clk rise edge)    0.000     0.000 r  
    H16                                               0.000     0.000 r  clock (IN)
                         net (fo=0)                   0.000     0.000    clock
    H16                  IBUF (Prop_ibuf_I_O)         1.451     1.451 r  clock_IBUF_inst/O
                         net (fo=1, routed)           2.522     3.973    clock_IBUF
    BUFGCTRL_X0Y16       BUFG (Prop_bufg_I_O)         0.101     4.074 r  clock_IBUF_BUFG_inst/O
                         net (fo=1, routed)           1.667     5.741    TFF/clock_IBUF_BUFG
    SLICE_X49Y46         FDCE                                         r  TFF/q_reg/C
  -------------------------------------------------------------------    -------------------
    SLICE_X49Y46         FDCE (Prop_fdce_C_Q)         0.456     6.197 f  TFF/q_reg/Q
                         net (fo=2, routed)           0.505     6.702    TFF/t_ff_clk
    SLICE_X49Y46         LUT1 (Prop_lut1_I0_O)        0.124     6.826 r  TFF/q_i_1/O
                         net (fo=1, routed)           0.000     6.826    TFF/p_0_in
    SLICE_X49Y46         FDCE                                         r  TFF/q_reg/D
  -------------------------------------------------------------------    -------------------

                         (clock sys_clk rise edge)    8.000     8.000 r  
    H16                                               0.000     8.000 r  clock (IN)
                         net (fo=0)                   0.000     8.000    clock
    H16                  IBUF (Prop_ibuf_I_O)         1.380     9.380 r  clock_IBUF_inst/O
                         net (fo=1, routed)           2.293    11.673    clock_IBUF
    BUFGCTRL_X0Y16       BUFG (Prop_bufg_I_O)         0.091    11.764 r  clock_IBUF_BUFG_inst/O
                         net (fo=1, routed)           1.493    13.258    TFF/clock_IBUF_BUFG
    SLICE_X49Y46         FDCE                                         r  TFF/q_reg/C
                         clock pessimism              0.483    13.741    
                         clock uncertainty           -0.035    13.705    
    SLICE_X49Y46         FDCE (Setup_fdce_C_D)        0.029    13.734    TFF/q_reg
  -------------------------------------------------------------------
                         required time                         13.734    
                         arrival time                          -6.826    
  -------------------------------------------------------------------
                         slack                                  6.908    





Min Delay Paths
--------------------------------------------------------------------------------------
Slack (MET) :             0.263ns  (arrival time - required time)
  Source:                 TFF/q_reg/C
                            (rising edge-triggered cell FDCE clocked by sys_clk  {rise@0.000ns fall@4.000ns period=8.000ns})
  Destination:            TFF/q_reg/D
                            (rising edge-triggered cell FDCE clocked by sys_clk  {rise@0.000ns fall@4.000ns period=8.000ns})
  Path Group:             sys_clk
  Path Type:              Hold (Min at Fast Process Corner)
  Requirement:            0.000ns  (sys_clk rise@0.000ns - sys_clk rise@0.000ns)
  Data Path Delay:        0.354ns  (logic 0.186ns (52.507%)  route 0.168ns (47.493%))
  Logic Levels:           1  (LUT1=1)
  Clock Path Skew:        0.000ns (DCD - SCD - CPR)
    Destination Clock Delay (DCD):    2.171ns
    Source Clock Delay      (SCD):    1.647ns
    Clock Pessimism Removal (CPR):    0.524ns

    Location             Delay type                Incr(ns)  Path(ns)    Netlist Resource(s)
  -------------------------------------------------------------------    -------------------
                         (clock sys_clk rise edge)    0.000     0.000 r  
    H16                                               0.000     0.000 r  clock (IN)
                         net (fo=0)                   0.000     0.000    clock
    H16                  IBUF (Prop_ibuf_I_O)         0.219     0.219 r  clock_IBUF_inst/O
                         net (fo=1, routed)           0.842     1.060    clock_IBUF
    BUFGCTRL_X0Y16       BUFG (Prop_bufg_I_O)         0.026     1.086 r  clock_IBUF_BUFG_inst/O
                         net (fo=1, routed)           0.561     1.647    TFF/clock_IBUF_BUFG
    SLICE_X49Y46         FDCE                                         r  TFF/q_reg/C
  -------------------------------------------------------------------    -------------------
    SLICE_X49Y46         FDCE (Prop_fdce_C_Q)         0.141     1.788 f  TFF/q_reg/Q
                         net (fo=2, routed)           0.168     1.956    TFF/t_ff_clk
    SLICE_X49Y46         LUT1 (Prop_lut1_I0_O)        0.045     2.001 r  TFF/q_i_1/O
                         net (fo=1, routed)           0.000     2.001    TFF/p_0_in
    SLICE_X49Y46         FDCE                                         r  TFF/q_reg/D
  -------------------------------------------------------------------    -------------------

                         (clock sys_clk rise edge)    0.000     0.000 r  
    H16                                               0.000     0.000 r  clock (IN)
                         net (fo=0)                   0.000     0.000    clock
    H16                  IBUF (Prop_ibuf_I_O)         0.406     0.406 r  clock_IBUF_inst/O
                         net (fo=1, routed)           0.907     1.313    clock_IBUF
    BUFGCTRL_X0Y16       BUFG (Prop_bufg_I_O)         0.029     1.342 r  clock_IBUF_BUFG_inst/O
                         net (fo=1, routed)           0.829     2.171    TFF/clock_IBUF_BUFG
    SLICE_X49Y46         FDCE                                         r  TFF/q_reg/C
                         clock pessimism             -0.524     1.647    
    SLICE_X49Y46         FDCE (Hold_fdce_C_D)         0.091     1.738    TFF/q_reg
  -------------------------------------------------------------------
                         required time                         -1.738    
                         arrival time                           2.001    
  -------------------------------------------------------------------
                         slack                                  0.263    





Pulse Width Checks
--------------------------------------------------------------------------------------
Clock Name:         sys_clk
Waveform(ns):       { 0.000 4.000 }
Period(ns):         8.000
Sources:            { clock }

Check Type        Corner  Lib Pin  Reference Pin  Required(ns)  Actual(ns)  Slack(ns)  Location        Pin
Min Period        n/a     BUFG/I   n/a            2.155         8.000       5.845      BUFGCTRL_X0Y16  clock_IBUF_BUFG_inst/I
Min Period        n/a     FDCE/C   n/a            1.000         8.000       7.000      SLICE_X49Y46    TFF/q_reg/C
Low Pulse Width   Slow    FDCE/C   n/a            0.500         4.000       3.500      SLICE_X49Y46    TFF/q_reg/C
Low Pulse Width   Fast    FDCE/C   n/a            0.500         4.000       3.500      SLICE_X49Y46    TFF/q_reg/C
High Pulse Width  Slow    FDCE/C   n/a            0.500         4.000       3.500      SLICE_X49Y46    TFF/q_reg/C
High Pulse Width  Fast    FDCE/C   n/a            0.500         4.000       3.500      SLICE_X49Y46    TFF/q_reg/C



--------------------------------------------------------------------------------------
Path Group:  (none)
From Clock:  
  To Clock:  

Max Delay          4470 Endpoints
Min Delay          4470 Endpoints
--------------------------------------------------------------------------------------


Max Delay Paths
--------------------------------------------------------------------------------------
Slack:                    inf
  Source:                 PIPELINE/REGFILE/regBank_reg[3][2]/C
                            (rising edge-triggered cell FDCE)
  Destination:            SPI/col_byte_r_reg[6]/D
  Path Group:             (none)
  Path Type:              Max at Slow Process Corner
  Data Path Delay:        46.906ns  (logic 4.540ns (9.679%)  route 42.366ns (90.321%))
  Logic Levels:           21  (CARRY4=8 FDCE=1 LUT4=2 LUT5=3 LUT6=5 MUXF7=2)

    Location             Delay type                Incr(ns)  Path(ns)    Netlist Resource(s)
  -------------------------------------------------------------------    -------------------
    SLICE_X93Y70         FDCE                         0.000     0.000 r  PIPELINE/REGFILE/regBank_reg[3][2]/C
    SLICE_X93Y70         FDCE (Prop_fdce_C_Q)         0.456     0.456 r  PIPELINE/REGFILE/regBank_reg[3][2]/Q
                         net (fo=7555, routed)        2.887     3.343    PIPELINE/REGFILE/r3[2]
    SLICE_X89Y56         CARRY4 (Prop_carry4_S[1]_CO[3])
                                                      0.674     4.017 r  PIPELINE/REGFILE/col_byte_r_reg[7]_i_47/CO[3]
                         net (fo=1, routed)           0.000     4.017    PIPELINE/REGFILE/col_byte_r_reg[7]_i_47_n_0
    SLICE_X89Y57         CARRY4 (Prop_carry4_CI_CO[3])
                                                      0.114     4.131 r  PIPELINE/REGFILE/col_byte_r_reg[7]_i_104/CO[3]
                         net (fo=1, routed)           0.000     4.131    PIPELINE/REGFILE/col_byte_r_reg[7]_i_104_n_0
    SLICE_X89Y58         CARRY4 (Prop_carry4_CI_CO[3])
                                                      0.114     4.245 r  PIPELINE/REGFILE/col_byte_r_reg[7]_i_204/CO[3]
                         net (fo=1, routed)           0.000     4.245    PIPELINE/REGFILE/col_byte_r_reg[7]_i_204_n_0
    SLICE_X89Y59         CARRY4 (Prop_carry4_CI_CO[3])
                                                      0.114     4.359 r  PIPELINE/REGFILE/col_byte_r_reg[7]_i_203/CO[3]
                         net (fo=1, routed)           0.000     4.359    PIPELINE/REGFILE/col_byte_r_reg[7]_i_203_n_0
    SLICE_X89Y60         CARRY4 (Prop_carry4_CI_CO[3])
                                                      0.114     4.473 r  PIPELINE/REGFILE/col_byte_r_reg[7]_i_215/CO[3]
                         net (fo=1, routed)           0.000     4.473    PIPELINE/REGFILE/col_byte_r_reg[7]_i_215_n_0
    SLICE_X89Y61         CARRY4 (Prop_carry4_CI_CO[3])
                                                      0.114     4.587 r  PIPELINE/REGFILE/col_byte_r_reg[7]_i_218/CO[3]
                         net (fo=1, routed)           0.000     4.587    PIPELINE/REGFILE/col_byte_r_reg[7]_i_218_n_0
    SLICE_X89Y62         CARRY4 (Prop_carry4_CI_CO[3])
                                                      0.114     4.701 r  PIPELINE/REGFILE/col_byte_r_reg[7]_i_217/CO[3]
                         net (fo=1, routed)           0.000     4.701    PIPELINE/REGFILE/col_byte_r_reg[7]_i_217_n_0
    SLICE_X89Y63         CARRY4 (Prop_carry4_CI_O[1])
                                                      0.334     5.035 f  PIPELINE/REGFILE/col_byte_r_reg[7]_i_436/O[1]
                         net (fo=3, routed)           0.912     5.947    PIPELINE/REGFILE/PONG_FB/fb3__0[30]
    SLICE_X91Y63         LUT4 (Prop_lut4_I3_O)        0.303     6.250 f  PIPELINE/REGFILE/col_byte_r[7]_i_219/O
                         net (fo=1, routed)           0.796     7.046    PIPELINE/REGFILE/col_byte_r[7]_i_219_n_0
    SLICE_X91Y62         LUT5 (Prop_lut5_I4_O)        0.124     7.170 f  PIPELINE/REGFILE/col_byte_r[7]_i_125/O
                         net (fo=1, routed)           0.615     7.785    PIPELINE/REGFILE/col_byte_r[7]_i_125_n_0
    SLICE_X91Y61         LUT4 (Prop_lut4_I1_O)        0.124     7.909 r  PIPELINE/REGFILE/col_byte_r[7]_i_55/O
                         net (fo=14, routed)          0.577     8.486    PIPELINE/REGFILE/PONG_FB/fb21_in
    SLICE_X91Y58         LUT5 (Prop_lut5_I4_O)        0.120     8.606 r  PIPELINE/REGFILE/col_byte_r[7]_i_1146/O
                         net (fo=1061, routed)       27.625    36.231    PIPELINE/REGFILE/col_byte_r[7]_i_1146_n_0
    SLICE_X48Y83         LUT6 (Prop_lut6_I2_O)        0.327    36.558 r  PIPELINE/REGFILE/col_byte_r[6]_i_567/O
                         net (fo=1, routed)           0.953    37.510    PIPELINE/REGFILE/fb[1799]
    SLICE_X51Y84         LUT6 (Prop_lut6_I1_O)        0.124    37.634 r  PIPELINE/REGFILE/col_byte_r[6]_i_215/O
                         net (fo=1, routed)           1.727    39.362    PIPELINE/REGFILE/col_byte_r[6]_i_215_n_0
    SLICE_X31Y84         LUT6 (Prop_lut6_I3_O)        0.124    39.486 r  PIPELINE/REGFILE/col_byte_r[6]_i_106/O
                         net (fo=1, routed)           0.000    39.486    PIPELINE/REGFILE/col_byte_r[6]_i_106_n_0
    SLICE_X31Y84         MUXF7 (Prop_muxf7_I0_O)      0.212    39.698 r  PIPELINE/REGFILE/col_byte_r_reg[6]_i_73/O
                         net (fo=1, routed)           2.687    42.384    PIPELINE/REGFILE/col_byte_r_reg[6]_i_73_n_0
    SLICE_X31Y23         LUT6 (Prop_lut6_I5_O)        0.299    42.683 r  PIPELINE/REGFILE/col_byte_r[6]_i_37/O
                         net (fo=1, routed)           1.336    44.019    PIPELINE/REGFILE/col_byte_r[6]_i_37_n_0
    SLICE_X61Y23         LUT6 (Prop_lut6_I3_O)        0.124    44.143 r  PIPELINE/REGFILE/col_byte_r[6]_i_12/O
                         net (fo=1, routed)           0.000    44.143    PIPELINE/REGFILE/col_byte_r[6]_i_12_n_0
    SLICE_X61Y23         MUXF7 (Prop_muxf7_I0_O)      0.212    44.355 r  PIPELINE/REGFILE/col_byte_r_reg[6]_i_4/O
                         net (fo=1, routed)           2.252    46.607    PIPELINE/REGFILE/SPI/page_byte0_return[6]
    SLICE_X45Y49         LUT5 (Prop_lut5_I4_O)        0.299    46.906 r  PIPELINE/REGFILE/col_byte_r[6]_i_1/O
                         net (fo=1, routed)           0.000    46.906    SPI/D[6]
    SLICE_X45Y49         FDRE                                         r  SPI/col_byte_r_reg[6]/D
  -------------------------------------------------------------------    -------------------

Slack:                    inf
  Source:                 PIPELINE/REGFILE/regBank_reg[3][2]/C
                            (rising edge-triggered cell FDCE)
  Destination:            SPI/col_byte_r_reg[4]/D
  Path Group:             (none)
  Path Type:              Max at Slow Process Corner
  Data Path Delay:        46.266ns  (logic 4.535ns (9.802%)  route 41.731ns (90.198%))
  Logic Levels:           21  (CARRY4=8 FDCE=1 LUT4=3 LUT5=3 LUT6=4 MUXF7=2)

    Location             Delay type                Incr(ns)  Path(ns)    Netlist Resource(s)
  -------------------------------------------------------------------    -------------------
    SLICE_X93Y70         FDCE                         0.000     0.000 r  PIPELINE/REGFILE/regBank_reg[3][2]/C
    SLICE_X93Y70         FDCE (Prop_fdce_C_Q)         0.456     0.456 r  PIPELINE/REGFILE/regBank_reg[3][2]/Q
                         net (fo=7555, routed)        2.887     3.343    PIPELINE/REGFILE/r3[2]
    SLICE_X89Y56         CARRY4 (Prop_carry4_S[1]_CO[3])
                                                      0.674     4.017 r  PIPELINE/REGFILE/col_byte_r_reg[7]_i_47/CO[3]
                         net (fo=1, routed)           0.000     4.017    PIPELINE/REGFILE/col_byte_r_reg[7]_i_47_n_0
    SLICE_X89Y57         CARRY4 (Prop_carry4_CI_CO[3])
                                                      0.114     4.131 r  PIPELINE/REGFILE/col_byte_r_reg[7]_i_104/CO[3]
                         net (fo=1, routed)           0.000     4.131    PIPELINE/REGFILE/col_byte_r_reg[7]_i_104_n_0
    SLICE_X89Y58         CARRY4 (Prop_carry4_CI_CO[3])
                                                      0.114     4.245 r  PIPELINE/REGFILE/col_byte_r_reg[7]_i_204/CO[3]
                         net (fo=1, routed)           0.000     4.245    PIPELINE/REGFILE/col_byte_r_reg[7]_i_204_n_0
    SLICE_X89Y59         CARRY4 (Prop_carry4_CI_CO[3])
                                                      0.114     4.359 r  PIPELINE/REGFILE/col_byte_r_reg[7]_i_203/CO[3]
                         net (fo=1, routed)           0.000     4.359    PIPELINE/REGFILE/col_byte_r_reg[7]_i_203_n_0
    SLICE_X89Y60         CARRY4 (Prop_carry4_CI_CO[3])
                                                      0.114     4.473 r  PIPELINE/REGFILE/col_byte_r_reg[7]_i_215/CO[3]
                         net (fo=1, routed)           0.000     4.473    PIPELINE/REGFILE/col_byte_r_reg[7]_i_215_n_0
    SLICE_X89Y61         CARRY4 (Prop_carry4_CI_CO[3])
                                                      0.114     4.587 r  PIPELINE/REGFILE/col_byte_r_reg[7]_i_218/CO[3]
                         net (fo=1, routed)           0.000     4.587    PIPELINE/REGFILE/col_byte_r_reg[7]_i_218_n_0
    SLICE_X89Y62         CARRY4 (Prop_carry4_CI_CO[3])
                                                      0.114     4.701 r  PIPELINE/REGFILE/col_byte_r_reg[7]_i_217/CO[3]
                         net (fo=1, routed)           0.000     4.701    PIPELINE/REGFILE/col_byte_r_reg[7]_i_217_n_0
    SLICE_X89Y63         CARRY4 (Prop_carry4_CI_O[1])
                                                      0.334     5.035 f  PIPELINE/REGFILE/col_byte_r_reg[7]_i_436/O[1]
                         net (fo=3, routed)           0.912     5.947    PIPELINE/REGFILE/PONG_FB/fb3__0[30]
    SLICE_X91Y63         LUT4 (Prop_lut4_I3_O)        0.303     6.250 f  PIPELINE/REGFILE/col_byte_r[7]_i_219/O
                         net (fo=1, routed)           0.796     7.046    PIPELINE/REGFILE/col_byte_r[7]_i_219_n_0
    SLICE_X91Y62         LUT5 (Prop_lut5_I4_O)        0.124     7.170 f  PIPELINE/REGFILE/col_byte_r[7]_i_125/O
                         net (fo=1, routed)           0.615     7.785    PIPELINE/REGFILE/col_byte_r[7]_i_125_n_0
    SLICE_X91Y61         LUT4 (Prop_lut4_I1_O)        0.124     7.909 r  PIPELINE/REGFILE/col_byte_r[7]_i_55/O
                         net (fo=14, routed)          0.577     8.486    PIPELINE/REGFILE/PONG_FB/fb21_in
    SLICE_X91Y58         LUT5 (Prop_lut5_I4_O)        0.120     8.606 r  PIPELINE/REGFILE/col_byte_r[7]_i_1146/O
                         net (fo=1061, routed)       28.295    36.901    PIPELINE/REGFILE/col_byte_r[7]_i_1146_n_0
    SLICE_X49Y82         LUT4 (Prop_lut4_I2_O)        0.327    37.228 r  PIPELINE/REGFILE/col_byte_r[4]_i_592/O
                         net (fo=1, routed)           0.787    38.015    PIPELINE/REGFILE/fb[2563]
    SLICE_X44Y81         LUT6 (Prop_lut6_I1_O)        0.124    38.139 r  PIPELINE/REGFILE/col_byte_r[4]_i_221/O
                         net (fo=1, routed)           0.860    38.999    PIPELINE/REGFILE/col_byte_r[4]_i_221_n_0
    SLICE_X40Y81         LUT6 (Prop_lut6_I5_O)        0.124    39.123 r  PIPELINE/REGFILE/col_byte_r[4]_i_110/O
                         net (fo=1, routed)           0.000    39.123    PIPELINE/REGFILE/col_byte_r[4]_i_110_n_0
    SLICE_X40Y81         MUXF7 (Prop_muxf7_I0_O)      0.212    39.335 r  PIPELINE/REGFILE/col_byte_r_reg[4]_i_79/O
                         net (fo=1, routed)           3.194    42.529    PIPELINE/REGFILE/col_byte_r_reg[4]_i_79_n_0
    SLICE_X63Y23         LUT6 (Prop_lut6_I5_O)        0.299    42.828 r  PIPELINE/REGFILE/col_byte_r[4]_i_40/O
                         net (fo=1, routed)           1.264    44.092    PIPELINE/REGFILE/col_byte_r[4]_i_40_n_0
    SLICE_X36Y28         LUT6 (Prop_lut6_I1_O)        0.124    44.216 r  PIPELINE/REGFILE/col_byte_r[4]_i_13/O
                         net (fo=1, routed)           0.000    44.216    PIPELINE/REGFILE/col_byte_r[4]_i_13_n_0
    SLICE_X36Y28         MUXF7 (Prop_muxf7_I0_O)      0.209    44.425 r  PIPELINE/REGFILE/col_byte_r_reg[4]_i_4/O
                         net (fo=1, routed)           1.544    45.969    PIPELINE/REGFILE/SPI/page_byte0_return[4]
    SLICE_X38Y48         LUT5 (Prop_lut5_I4_O)        0.297    46.266 r  PIPELINE/REGFILE/col_byte_r[4]_i_1/O
                         net (fo=1, routed)           0.000    46.266    SPI/D[4]
    SLICE_X38Y48         FDRE                                         r  SPI/col_byte_r_reg[4]/D
  -------------------------------------------------------------------    -------------------

Slack:                    inf
  Source:                 PIPELINE/REGFILE/regBank_reg[3][2]/C
                            (rising edge-triggered cell FDCE)
  Destination:            SPI/col_byte_r_reg[3]/D
  Path Group:             (none)
  Path Type:              Max at Slow Process Corner
  Data Path Delay:        46.166ns  (logic 4.545ns (9.845%)  route 41.621ns (90.155%))
  Logic Levels:           21  (CARRY4=8 FDCE=1 LUT4=2 LUT5=3 LUT6=5 MUXF7=2)

    Location             Delay type                Incr(ns)  Path(ns)    Netlist Resource(s)
  -------------------------------------------------------------------    -------------------
    SLICE_X93Y70         FDCE                         0.000     0.000 r  PIPELINE/REGFILE/regBank_reg[3][2]/C
    SLICE_X93Y70         FDCE (Prop_fdce_C_Q)         0.456     0.456 r  PIPELINE/REGFILE/regBank_reg[3][2]/Q
                         net (fo=7555, routed)        2.887     3.343    PIPELINE/REGFILE/r3[2]
    SLICE_X89Y56         CARRY4 (Prop_carry4_S[1]_CO[3])
                                                      0.674     4.017 r  PIPELINE/REGFILE/col_byte_r_reg[7]_i_47/CO[3]
                         net (fo=1, routed)           0.000     4.017    PIPELINE/REGFILE/col_byte_r_reg[7]_i_47_n_0
    SLICE_X89Y57         CARRY4 (Prop_carry4_CI_CO[3])
                                                      0.114     4.131 r  PIPELINE/REGFILE/col_byte_r_reg[7]_i_104/CO[3]
                         net (fo=1, routed)           0.000     4.131    PIPELINE/REGFILE/col_byte_r_reg[7]_i_104_n_0
    SLICE_X89Y58         CARRY4 (Prop_carry4_CI_CO[3])
                                                      0.114     4.245 r  PIPELINE/REGFILE/col_byte_r_reg[7]_i_204/CO[3]
                         net (fo=1, routed)           0.000     4.245    PIPELINE/REGFILE/col_byte_r_reg[7]_i_204_n_0
    SLICE_X89Y59         CARRY4 (Prop_carry4_CI_CO[3])
                                                      0.114     4.359 r  PIPELINE/REGFILE/col_byte_r_reg[7]_i_203/CO[3]
                         net (fo=1, routed)           0.000     4.359    PIPELINE/REGFILE/col_byte_r_reg[7]_i_203_n_0
    SLICE_X89Y60         CARRY4 (Prop_carry4_CI_CO[3])
                                                      0.114     4.473 r  PIPELINE/REGFILE/col_byte_r_reg[7]_i_215/CO[3]
                         net (fo=1, routed)           0.000     4.473    PIPELINE/REGFILE/col_byte_r_reg[7]_i_215_n_0
    SLICE_X89Y61         CARRY4 (Prop_carry4_CI_CO[3])
                                                      0.114     4.587 r  PIPELINE/REGFILE/col_byte_r_reg[7]_i_218/CO[3]
                         net (fo=1, routed)           0.000     4.587    PIPELINE/REGFILE/col_byte_r_reg[7]_i_218_n_0
    SLICE_X89Y62         CARRY4 (Prop_carry4_CI_CO[3])
                                                      0.114     4.701 r  PIPELINE/REGFILE/col_byte_r_reg[7]_i_217/CO[3]
                         net (fo=1, routed)           0.000     4.701    PIPELINE/REGFILE/col_byte_r_reg[7]_i_217_n_0
    SLICE_X89Y63         CARRY4 (Prop_carry4_CI_O[1])
                                                      0.334     5.035 f  PIPELINE/REGFILE/col_byte_r_reg[7]_i_436/O[1]
                         net (fo=3, routed)           0.912     5.947    PIPELINE/REGFILE/PONG_FB/fb3__0[30]
    SLICE_X91Y63         LUT4 (Prop_lut4_I3_O)        0.303     6.250 f  PIPELINE/REGFILE/col_byte_r[7]_i_219/O
                         net (fo=1, routed)           0.796     7.046    PIPELINE/REGFILE/col_byte_r[7]_i_219_n_0
    SLICE_X91Y62         LUT5 (Prop_lut5_I4_O)        0.124     7.170 f  PIPELINE/REGFILE/col_byte_r[7]_i_125/O
                         net (fo=1, routed)           0.615     7.785    PIPELINE/REGFILE/col_byte_r[7]_i_125_n_0
    SLICE_X91Y61         LUT4 (Prop_lut4_I1_O)        0.124     7.909 r  PIPELINE/REGFILE/col_byte_r[7]_i_55/O
                         net (fo=14, routed)          0.577     8.486    PIPELINE/REGFILE/PONG_FB/fb21_in
    SLICE_X91Y58         LUT5 (Prop_lut5_I4_O)        0.120     8.606 r  PIPELINE/REGFILE/col_byte_r[7]_i_1146/O
                         net (fo=1061, routed)       28.756    37.362    PIPELINE/REGFILE/col_byte_r[7]_i_1146_n_0
    SLICE_X31Y91         LUT6 (Prop_lut6_I2_O)        0.327    37.689 r  PIPELINE/REGFILE/col_byte_r[3]_i_478/O
                         net (fo=1, routed)           0.871    38.559    PIPELINE/REGFILE/fb[3475]
    SLICE_X30Y90         LUT6 (Prop_lut6_I1_O)        0.124    38.683 r  PIPELINE/REGFILE/col_byte_r[3]_i_192/O
                         net (fo=1, routed)           1.093    39.777    PIPELINE/REGFILE/col_byte_r[3]_i_192_n_0
    SLICE_X37Y85         LUT6 (Prop_lut6_I5_O)        0.124    39.901 r  PIPELINE/REGFILE/col_byte_r[3]_i_103/O
                         net (fo=1, routed)           0.000    39.901    PIPELINE/REGFILE/col_byte_r[3]_i_103_n_0
    SLICE_X37Y85         MUXF7 (Prop_muxf7_I1_O)      0.217    40.118 r  PIPELINE/REGFILE/col_byte_r_reg[3]_i_75/O
                         net (fo=1, routed)           2.453    42.571    PIPELINE/REGFILE/col_byte_r_reg[3]_i_75_n_0
    SLICE_X37Y32         LUT6 (Prop_lut6_I5_O)        0.299    42.870 r  PIPELINE/REGFILE/col_byte_r[3]_i_39/O
                         net (fo=1, routed)           0.947    43.816    PIPELINE/REGFILE/col_byte_r[3]_i_39_n_0
    SLICE_X35Y32         LUT6 (Prop_lut6_I0_O)        0.124    43.940 r  PIPELINE/REGFILE/col_byte_r[3]_i_13/O
                         net (fo=1, routed)           0.000    43.940    PIPELINE/REGFILE/col_byte_r[3]_i_13_n_0
    SLICE_X35Y32         MUXF7 (Prop_muxf7_I0_O)      0.212    44.152 r  PIPELINE/REGFILE/col_byte_r_reg[3]_i_4/O
                         net (fo=1, routed)           1.715    45.867    PIPELINE/REGFILE/SPI/page_byte0_return[3]
    SLICE_X33Y52         LUT5 (Prop_lut5_I4_O)        0.299    46.166 r  PIPELINE/REGFILE/col_byte_r[3]_i_1/O
                         net (fo=1, routed)           0.000    46.166    SPI/D[3]
    SLICE_X33Y52         FDRE                                         r  SPI/col_byte_r_reg[3]/D
  -------------------------------------------------------------------    -------------------

Slack:                    inf
  Source:                 PIPELINE/REGFILE/regBank_reg[3][2]/C
                            (rising edge-triggered cell FDCE)
  Destination:            SPI/col_byte_r_reg[7]/D
  Path Group:             (none)
  Path Type:              Max at Slow Process Corner
  Data Path Delay:        45.775ns  (logic 4.540ns (9.918%)  route 41.235ns (90.082%))
  Logic Levels:           21  (CARRY4=8 FDCE=1 LUT4=3 LUT5=3 LUT6=4 MUXF7=2)

    Location             Delay type                Incr(ns)  Path(ns)    Netlist Resource(s)
  -------------------------------------------------------------------    -------------------
    SLICE_X93Y70         FDCE                         0.000     0.000 r  PIPELINE/REGFILE/regBank_reg[3][2]/C
    SLICE_X93Y70         FDCE (Prop_fdce_C_Q)         0.456     0.456 r  PIPELINE/REGFILE/regBank_reg[3][2]/Q
                         net (fo=7555, routed)        2.887     3.343    PIPELINE/REGFILE/r3[2]
    SLICE_X89Y56         CARRY4 (Prop_carry4_S[1]_CO[3])
                                                      0.674     4.017 r  PIPELINE/REGFILE/col_byte_r_reg[7]_i_47/CO[3]
                         net (fo=1, routed)           0.000     4.017    PIPELINE/REGFILE/col_byte_r_reg[7]_i_47_n_0
    SLICE_X89Y57         CARRY4 (Prop_carry4_CI_CO[3])
                                                      0.114     4.131 r  PIPELINE/REGFILE/col_byte_r_reg[7]_i_104/CO[3]
                         net (fo=1, routed)           0.000     4.131    PIPELINE/REGFILE/col_byte_r_reg[7]_i_104_n_0
    SLICE_X89Y58         CARRY4 (Prop_carry4_CI_CO[3])
                                                      0.114     4.245 r  PIPELINE/REGFILE/col_byte_r_reg[7]_i_204/CO[3]
                         net (fo=1, routed)           0.000     4.245    PIPELINE/REGFILE/col_byte_r_reg[7]_i_204_n_0
    SLICE_X89Y59         CARRY4 (Prop_carry4_CI_CO[3])
                                                      0.114     4.359 r  PIPELINE/REGFILE/col_byte_r_reg[7]_i_203/CO[3]
                         net (fo=1, routed)           0.000     4.359    PIPELINE/REGFILE/col_byte_r_reg[7]_i_203_n_0
    SLICE_X89Y60         CARRY4 (Prop_carry4_CI_CO[3])
                                                      0.114     4.473 r  PIPELINE/REGFILE/col_byte_r_reg[7]_i_215/CO[3]
                         net (fo=1, routed)           0.000     4.473    PIPELINE/REGFILE/col_byte_r_reg[7]_i_215_n_0
    SLICE_X89Y61         CARRY4 (Prop_carry4_CI_CO[3])
                                                      0.114     4.587 r  PIPELINE/REGFILE/col_byte_r_reg[7]_i_218/CO[3]
                         net (fo=1, routed)           0.000     4.587    PIPELINE/REGFILE/col_byte_r_reg[7]_i_218_n_0
    SLICE_X89Y62         CARRY4 (Prop_carry4_CI_CO[3])
                                                      0.114     4.701 r  PIPELINE/REGFILE/col_byte_r_reg[7]_i_217/CO[3]
                         net (fo=1, routed)           0.000     4.701    PIPELINE/REGFILE/col_byte_r_reg[7]_i_217_n_0
    SLICE_X89Y63         CARRY4 (Prop_carry4_CI_O[1])
                                                      0.334     5.035 f  PIPELINE/REGFILE/col_byte_r_reg[7]_i_436/O[1]
                         net (fo=3, routed)           0.912     5.947    PIPELINE/REGFILE/PONG_FB/fb3__0[30]
    SLICE_X91Y63         LUT4 (Prop_lut4_I3_O)        0.303     6.250 f  PIPELINE/REGFILE/col_byte_r[7]_i_219/O
                         net (fo=1, routed)           0.796     7.046    PIPELINE/REGFILE/col_byte_r[7]_i_219_n_0
    SLICE_X91Y62         LUT5 (Prop_lut5_I4_O)        0.124     7.170 f  PIPELINE/REGFILE/col_byte_r[7]_i_125/O
                         net (fo=1, routed)           0.615     7.785    PIPELINE/REGFILE/col_byte_r[7]_i_125_n_0
    SLICE_X91Y61         LUT4 (Prop_lut4_I1_O)        0.124     7.909 r  PIPELINE/REGFILE/col_byte_r[7]_i_55/O
                         net (fo=14, routed)          0.577     8.486    PIPELINE/REGFILE/PONG_FB/fb21_in
    SLICE_X91Y58         LUT5 (Prop_lut5_I4_O)        0.120     8.606 r  PIPELINE/REGFILE/col_byte_r[7]_i_1146/O
                         net (fo=1061, routed)       26.652    35.258    PIPELINE/REGFILE/col_byte_r[7]_i_1146_n_0
    SLICE_X49Y79         LUT4 (Prop_lut4_I2_O)        0.327    35.585 r  PIPELINE/REGFILE/col_byte_r[7]_i_598/O
                         net (fo=1, routed)           0.807    36.392    PIPELINE/REGFILE/fb[2947]
    SLICE_X47Y79         LUT6 (Prop_lut6_I1_O)        0.124    36.516 r  PIPELINE/REGFILE/col_byte_r[7]_i_306/O
                         net (fo=1, routed)           0.768    37.283    PIPELINE/REGFILE/col_byte_r[7]_i_306_n_0
    SLICE_X47Y84         LUT6 (Prop_lut6_I5_O)        0.124    37.407 r  PIPELINE/REGFILE/col_byte_r[7]_i_161/O
                         net (fo=1, routed)           0.000    37.407    PIPELINE/REGFILE/col_byte_r[7]_i_161_n_0
    SLICE_X47Y84         MUXF7 (Prop_muxf7_I0_O)      0.212    37.619 r  PIPELINE/REGFILE/col_byte_r_reg[7]_i_89/O
                         net (fo=1, routed)           3.620    41.239    PIPELINE/REGFILE/col_byte_r_reg[7]_i_89_n_0
    SLICE_X80Y22         LUT6 (Prop_lut6_I5_O)        0.299    41.538 r  PIPELINE/REGFILE/col_byte_r[7]_i_40/O
                         net (fo=1, routed)           1.329    42.867    PIPELINE/REGFILE/col_byte_r[7]_i_40_n_0
    SLICE_X63Y23         LUT6 (Prop_lut6_I1_O)        0.124    42.991 r  PIPELINE/REGFILE/col_byte_r[7]_i_13/O
                         net (fo=1, routed)           0.000    42.991    PIPELINE/REGFILE/col_byte_r[7]_i_13_n_0
    SLICE_X63Y23         MUXF7 (Prop_muxf7_I0_O)      0.212    43.203 r  PIPELINE/REGFILE/col_byte_r_reg[7]_i_5/O
                         net (fo=1, routed)           2.272    45.476    PIPELINE/REGFILE/SPI/page_byte0_return[7]
    SLICE_X45Y51         LUT5 (Prop_lut5_I4_O)        0.299    45.775 r  PIPELINE/REGFILE/col_byte_r[7]_i_2/O
                         net (fo=1, routed)           0.000    45.775    SPI/D[7]
    SLICE_X45Y51         FDRE                                         r  SPI/col_byte_r_reg[7]/D
  -------------------------------------------------------------------    -------------------

Slack:                    inf
  Source:                 PIPELINE/REGFILE/regBank_reg[3][2]/C
                            (rising edge-triggered cell FDCE)
  Destination:            SPI/col_byte_r_reg[5]/D
  Path Group:             (none)
  Path Type:              Max at Slow Process Corner
  Data Path Delay:        45.759ns  (logic 4.540ns (9.921%)  route 41.219ns (90.079%))
  Logic Levels:           21  (CARRY4=8 FDCE=1 LUT4=2 LUT5=3 LUT6=5 MUXF7=2)

    Location             Delay type                Incr(ns)  Path(ns)    Netlist Resource(s)
  -------------------------------------------------------------------    -------------------
    SLICE_X93Y70         FDCE                         0.000     0.000 r  PIPELINE/REGFILE/regBank_reg[3][2]/C
    SLICE_X93Y70         FDCE (Prop_fdce_C_Q)         0.456     0.456 r  PIPELINE/REGFILE/regBank_reg[3][2]/Q
                         net (fo=7555, routed)        2.887     3.343    PIPELINE/REGFILE/r3[2]
    SLICE_X89Y56         CARRY4 (Prop_carry4_S[1]_CO[3])
                                                      0.674     4.017 r  PIPELINE/REGFILE/col_byte_r_reg[7]_i_47/CO[3]
                         net (fo=1, routed)           0.000     4.017    PIPELINE/REGFILE/col_byte_r_reg[7]_i_47_n_0
    SLICE_X89Y57         CARRY4 (Prop_carry4_CI_CO[3])
                                                      0.114     4.131 r  PIPELINE/REGFILE/col_byte_r_reg[7]_i_104/CO[3]
                         net (fo=1, routed)           0.000     4.131    PIPELINE/REGFILE/col_byte_r_reg[7]_i_104_n_0
    SLICE_X89Y58         CARRY4 (Prop_carry4_CI_CO[3])
                                                      0.114     4.245 r  PIPELINE/REGFILE/col_byte_r_reg[7]_i_204/CO[3]
                         net (fo=1, routed)           0.000     4.245    PIPELINE/REGFILE/col_byte_r_reg[7]_i_204_n_0
    SLICE_X89Y59         CARRY4 (Prop_carry4_CI_CO[3])
                                                      0.114     4.359 r  PIPELINE/REGFILE/col_byte_r_reg[7]_i_203/CO[3]
                         net (fo=1, routed)           0.000     4.359    PIPELINE/REGFILE/col_byte_r_reg[7]_i_203_n_0
    SLICE_X89Y60         CARRY4 (Prop_carry4_CI_CO[3])
                                                      0.114     4.473 r  PIPELINE/REGFILE/col_byte_r_reg[7]_i_215/CO[3]
                         net (fo=1, routed)           0.000     4.473    PIPELINE/REGFILE/col_byte_r_reg[7]_i_215_n_0
    SLICE_X89Y61         CARRY4 (Prop_carry4_CI_CO[3])
                                                      0.114     4.587 r  PIPELINE/REGFILE/col_byte_r_reg[7]_i_218/CO[3]
                         net (fo=1, routed)           0.000     4.587    PIPELINE/REGFILE/col_byte_r_reg[7]_i_218_n_0
    SLICE_X89Y62         CARRY4 (Prop_carry4_CI_CO[3])
                                                      0.114     4.701 r  PIPELINE/REGFILE/col_byte_r_reg[7]_i_217/CO[3]
                         net (fo=1, routed)           0.000     4.701    PIPELINE/REGFILE/col_byte_r_reg[7]_i_217_n_0
    SLICE_X89Y63         CARRY4 (Prop_carry4_CI_O[1])
                                                      0.334     5.035 f  PIPELINE/REGFILE/col_byte_r_reg[7]_i_436/O[1]
                         net (fo=3, routed)           0.912     5.947    PIPELINE/REGFILE/PONG_FB/fb3__0[30]
    SLICE_X91Y63         LUT4 (Prop_lut4_I3_O)        0.303     6.250 f  PIPELINE/REGFILE/col_byte_r[7]_i_219/O
                         net (fo=1, routed)           0.796     7.046    PIPELINE/REGFILE/col_byte_r[7]_i_219_n_0
    SLICE_X91Y62         LUT5 (Prop_lut5_I4_O)        0.124     7.170 f  PIPELINE/REGFILE/col_byte_r[7]_i_125/O
                         net (fo=1, routed)           0.615     7.785    PIPELINE/REGFILE/col_byte_r[7]_i_125_n_0
    SLICE_X91Y61         LUT4 (Prop_lut4_I1_O)        0.124     7.909 r  PIPELINE/REGFILE/col_byte_r[7]_i_55/O
                         net (fo=14, routed)          0.577     8.486    PIPELINE/REGFILE/PONG_FB/fb21_in
    SLICE_X91Y58         LUT5 (Prop_lut5_I4_O)        0.120     8.606 r  PIPELINE/REGFILE/col_byte_r[7]_i_1146/O
                         net (fo=1061, routed)       28.990    37.596    PIPELINE/REGFILE/col_byte_r[7]_i_1146_n_0
    SLICE_X26Y85         LUT6 (Prop_lut6_I2_O)        0.327    37.923 r  PIPELINE/REGFILE/col_byte_r[5]_i_695/O
                         net (fo=1, routed)           0.656    38.578    PIPELINE/REGFILE/fb[1687]
    SLICE_X27Y85         LUT6 (Prop_lut6_I1_O)        0.124    38.702 r  PIPELINE/REGFILE/col_byte_r[5]_i_238/O
                         net (fo=1, routed)           0.957    39.659    PIPELINE/REGFILE/col_byte_r[5]_i_238_n_0
    SLICE_X30Y84         LUT6 (Prop_lut6_I3_O)        0.124    39.783 r  PIPELINE/REGFILE/col_byte_r[5]_i_109/O
                         net (fo=1, routed)           0.000    39.783    PIPELINE/REGFILE/col_byte_r[5]_i_109_n_0
    SLICE_X30Y84         MUXF7 (Prop_muxf7_I1_O)      0.214    39.997 r  PIPELINE/REGFILE/col_byte_r_reg[5]_i_75/O
                         net (fo=1, routed)           2.750    42.747    PIPELINE/REGFILE/col_byte_r_reg[5]_i_75_n_0
    SLICE_X39Y28         LUT6 (Prop_lut6_I5_O)        0.297    43.044 r  PIPELINE/REGFILE/col_byte_r[5]_i_37/O
                         net (fo=1, routed)           0.989    44.033    PIPELINE/REGFILE/col_byte_r[5]_i_37_n_0
    SLICE_X43Y28         LUT6 (Prop_lut6_I3_O)        0.124    44.157 r  PIPELINE/REGFILE/col_byte_r[5]_i_12/O
                         net (fo=1, routed)           0.000    44.157    PIPELINE/REGFILE/col_byte_r[5]_i_12_n_0
    SLICE_X43Y28         MUXF7 (Prop_muxf7_I0_O)      0.212    44.369 r  PIPELINE/REGFILE/col_byte_r_reg[5]_i_4/O
                         net (fo=1, routed)           1.092    45.460    PIPELINE/REGFILE/SPI/page_byte0_return[5]
    SLICE_X39Y51         LUT5 (Prop_lut5_I4_O)        0.299    45.759 r  PIPELINE/REGFILE/col_byte_r[5]_i_1/O
                         net (fo=1, routed)           0.000    45.759    SPI/D[5]
    SLICE_X39Y51         FDRE                                         r  SPI/col_byte_r_reg[5]/D
  -------------------------------------------------------------------    -------------------

Slack:                    inf
  Source:                 PIPELINE/REGFILE/regBank_reg[3][2]/C
                            (rising edge-triggered cell FDCE)
  Destination:            SPI/col_byte_r_reg[2]/D
  Path Group:             (none)
  Path Type:              Max at Slow Process Corner
  Data Path Delay:        44.963ns  (logic 4.950ns (11.009%)  route 40.013ns (88.991%))
  Logic Levels:           22  (CARRY4=8 FDCE=1 LUT4=3 LUT5=3 LUT6=3 MUXF7=3 MUXF8=1)

    Location             Delay type                Incr(ns)  Path(ns)    Netlist Resource(s)
  -------------------------------------------------------------------    -------------------
    SLICE_X93Y70         FDCE                         0.000     0.000 r  PIPELINE/REGFILE/regBank_reg[3][2]/C
    SLICE_X93Y70         FDCE (Prop_fdce_C_Q)         0.456     0.456 r  PIPELINE/REGFILE/regBank_reg[3][2]/Q
                         net (fo=7555, routed)        2.887     3.343    PIPELINE/REGFILE/r3[2]
    SLICE_X89Y56         CARRY4 (Prop_carry4_S[1]_CO[3])
                                                      0.674     4.017 r  PIPELINE/REGFILE/col_byte_r_reg[7]_i_47/CO[3]
                         net (fo=1, routed)           0.000     4.017    PIPELINE/REGFILE/col_byte_r_reg[7]_i_47_n_0
    SLICE_X89Y57         CARRY4 (Prop_carry4_CI_CO[3])
                                                      0.114     4.131 r  PIPELINE/REGFILE/col_byte_r_reg[7]_i_104/CO[3]
                         net (fo=1, routed)           0.000     4.131    PIPELINE/REGFILE/col_byte_r_reg[7]_i_104_n_0
    SLICE_X89Y58         CARRY4 (Prop_carry4_CI_CO[3])
                                                      0.114     4.245 r  PIPELINE/REGFILE/col_byte_r_reg[7]_i_204/CO[3]
                         net (fo=1, routed)           0.000     4.245    PIPELINE/REGFILE/col_byte_r_reg[7]_i_204_n_0
    SLICE_X89Y59         CARRY4 (Prop_carry4_CI_CO[3])
                                                      0.114     4.359 r  PIPELINE/REGFILE/col_byte_r_reg[7]_i_203/CO[3]
                         net (fo=1, routed)           0.000     4.359    PIPELINE/REGFILE/col_byte_r_reg[7]_i_203_n_0
    SLICE_X89Y60         CARRY4 (Prop_carry4_CI_CO[3])
                                                      0.114     4.473 r  PIPELINE/REGFILE/col_byte_r_reg[7]_i_215/CO[3]
                         net (fo=1, routed)           0.000     4.473    PIPELINE/REGFILE/col_byte_r_reg[7]_i_215_n_0
    SLICE_X89Y61         CARRY4 (Prop_carry4_CI_CO[3])
                                                      0.114     4.587 r  PIPELINE/REGFILE/col_byte_r_reg[7]_i_218/CO[3]
                         net (fo=1, routed)           0.000     4.587    PIPELINE/REGFILE/col_byte_r_reg[7]_i_218_n_0
    SLICE_X89Y62         CARRY4 (Prop_carry4_CI_CO[3])
                                                      0.114     4.701 r  PIPELINE/REGFILE/col_byte_r_reg[7]_i_217/CO[3]
                         net (fo=1, routed)           0.000     4.701    PIPELINE/REGFILE/col_byte_r_reg[7]_i_217_n_0
    SLICE_X89Y63         CARRY4 (Prop_carry4_CI_O[1])
                                                      0.334     5.035 f  PIPELINE/REGFILE/col_byte_r_reg[7]_i_436/O[1]
                         net (fo=3, routed)           0.912     5.947    PIPELINE/REGFILE/PONG_FB/fb3__0[30]
    SLICE_X91Y63         LUT4 (Prop_lut4_I3_O)        0.303     6.250 f  PIPELINE/REGFILE/col_byte_r[7]_i_219/O
                         net (fo=1, routed)           0.796     7.046    PIPELINE/REGFILE/col_byte_r[7]_i_219_n_0
    SLICE_X91Y62         LUT5 (Prop_lut5_I4_O)        0.124     7.170 f  PIPELINE/REGFILE/col_byte_r[7]_i_125/O
                         net (fo=1, routed)           0.615     7.785    PIPELINE/REGFILE/col_byte_r[7]_i_125_n_0
    SLICE_X91Y61         LUT4 (Prop_lut4_I1_O)        0.124     7.909 r  PIPELINE/REGFILE/col_byte_r[7]_i_55/O
                         net (fo=14, routed)          0.577     8.486    PIPELINE/REGFILE/PONG_FB/fb21_in
    SLICE_X91Y58         LUT5 (Prop_lut5_I4_O)        0.120     8.606 r  PIPELINE/REGFILE/col_byte_r[7]_i_1146/O
                         net (fo=1061, routed)       26.949    35.555    PIPELINE/REGFILE/col_byte_r[7]_i_1146_n_0
    SLICE_X51Y68         LUT4 (Prop_lut4_I2_O)        0.327    35.882 r  PIPELINE/REGFILE/col_byte_r[2]_i_1858/O
                         net (fo=1, routed)           0.740    36.622    PIPELINE/REGFILE/fb[5379]
    SLICE_X49Y68         LUT6 (Prop_lut6_I1_O)        0.124    36.746 r  PIPELINE/REGFILE/col_byte_r[2]_i_760/O
                         net (fo=1, routed)           0.000    36.746    PIPELINE/REGFILE/col_byte_r[2]_i_760_n_0
    SLICE_X49Y68         MUXF7 (Prop_muxf7_I0_O)      0.238    36.984 r  PIPELINE/REGFILE/col_byte_r_reg[2]_i_274/O
                         net (fo=1, routed)           0.000    36.984    PIPELINE/REGFILE/col_byte_r_reg[2]_i_274_n_0
    SLICE_X49Y68         MUXF8 (Prop_muxf8_I0_O)      0.104    37.088 r  PIPELINE/REGFILE/col_byte_r_reg[2]_i_127/O
                         net (fo=1, routed)           3.041    40.129    PIPELINE/REGFILE/col_byte_r_reg[2]_i_127_n_0
    SLICE_X73Y19         LUT6 (Prop_lut6_I5_O)        0.316    40.445 r  PIPELINE/REGFILE/col_byte_r[2]_i_80/O
                         net (fo=1, routed)           0.000    40.445    PIPELINE/REGFILE/col_byte_r[2]_i_80_n_0
    SLICE_X73Y19         MUXF7 (Prop_muxf7_I0_O)      0.212    40.657 r  PIPELINE/REGFILE/col_byte_r_reg[2]_i_40/O
                         net (fo=1, routed)           1.825    42.483    PIPELINE/REGFILE/col_byte_r_reg[2]_i_40_n_0
    SLICE_X30Y28         LUT6 (Prop_lut6_I3_O)        0.299    42.782 r  PIPELINE/REGFILE/col_byte_r[2]_i_13/O
                         net (fo=1, routed)           0.000    42.782    PIPELINE/REGFILE/col_byte_r[2]_i_13_n_0
    SLICE_X30Y28         MUXF7 (Prop_muxf7_I1_O)      0.214    42.996 r  PIPELINE/REGFILE/col_byte_r_reg[2]_i_4/O
                         net (fo=1, routed)           1.670    44.666    PIPELINE/REGFILE/SPI/page_byte0_return[2]
    SLICE_X33Y52         LUT5 (Prop_lut5_I4_O)        0.297    44.963 r  PIPELINE/REGFILE/col_byte_r[2]_i_1/O
                         net (fo=1, routed)           0.000    44.963    SPI/D[2]
    SLICE_X33Y52         FDRE                                         r  SPI/col_byte_r_reg[2]/D
  -------------------------------------------------------------------    -------------------

Slack:                    inf
  Source:                 PIPELINE/REGFILE/regBank_reg[3][2]/C
                            (rising edge-triggered cell FDCE)
  Destination:            SPI/col_byte_r_reg[1]/D
  Path Group:             (none)
  Path Type:              Max at Slow Process Corner
  Data Path Delay:        43.984ns  (logic 4.326ns (9.835%)  route 39.658ns (90.165%))
  Logic Levels:           22  (CARRY4=8 FDCE=1 LUT3=1 LUT4=2 LUT5=3 LUT6=3 MUXF7=2 MUXF8=2)

    Location             Delay type                Incr(ns)  Path(ns)    Netlist Resource(s)
  -------------------------------------------------------------------    -------------------
    SLICE_X93Y70         FDCE                         0.000     0.000 r  PIPELINE/REGFILE/regBank_reg[3][2]/C
    SLICE_X93Y70         FDCE (Prop_fdce_C_Q)         0.456     0.456 r  PIPELINE/REGFILE/regBank_reg[3][2]/Q
                         net (fo=7555, routed)        2.887     3.343    PIPELINE/REGFILE/r3[2]
    SLICE_X89Y56         CARRY4 (Prop_carry4_S[1]_CO[3])
                                                      0.674     4.017 r  PIPELINE/REGFILE/col_byte_r_reg[7]_i_47/CO[3]
                         net (fo=1, routed)           0.000     4.017    PIPELINE/REGFILE/col_byte_r_reg[7]_i_47_n_0
    SLICE_X89Y57         CARRY4 (Prop_carry4_CI_CO[3])
                                                      0.114     4.131 r  PIPELINE/REGFILE/col_byte_r_reg[7]_i_104/CO[3]
                         net (fo=1, routed)           0.000     4.131    PIPELINE/REGFILE/col_byte_r_reg[7]_i_104_n_0
    SLICE_X89Y58         CARRY4 (Prop_carry4_CI_CO[3])
                                                      0.114     4.245 r  PIPELINE/REGFILE/col_byte_r_reg[7]_i_204/CO[3]
                         net (fo=1, routed)           0.000     4.245    PIPELINE/REGFILE/col_byte_r_reg[7]_i_204_n_0
    SLICE_X89Y59         CARRY4 (Prop_carry4_CI_CO[3])
                                                      0.114     4.359 r  PIPELINE/REGFILE/col_byte_r_reg[7]_i_203/CO[3]
                         net (fo=1, routed)           0.000     4.359    PIPELINE/REGFILE/col_byte_r_reg[7]_i_203_n_0
    SLICE_X89Y60         CARRY4 (Prop_carry4_CI_CO[3])
                                                      0.114     4.473 r  PIPELINE/REGFILE/col_byte_r_reg[7]_i_215/CO[3]
                         net (fo=1, routed)           0.000     4.473    PIPELINE/REGFILE/col_byte_r_reg[7]_i_215_n_0
    SLICE_X89Y61         CARRY4 (Prop_carry4_CI_CO[3])
                                                      0.114     4.587 r  PIPELINE/REGFILE/col_byte_r_reg[7]_i_218/CO[3]
                         net (fo=1, routed)           0.000     4.587    PIPELINE/REGFILE/col_byte_r_reg[7]_i_218_n_0
    SLICE_X89Y62         CARRY4 (Prop_carry4_CI_CO[3])
                                                      0.114     4.701 r  PIPELINE/REGFILE/col_byte_r_reg[7]_i_217/CO[3]
                         net (fo=1, routed)           0.000     4.701    PIPELINE/REGFILE/col_byte_r_reg[7]_i_217_n_0
    SLICE_X89Y63         CARRY4 (Prop_carry4_CI_O[1])
                                                      0.334     5.035 f  PIPELINE/REGFILE/col_byte_r_reg[7]_i_436/O[1]
                         net (fo=3, routed)           0.912     5.947    PIPELINE/REGFILE/PONG_FB/fb3__0[30]
    SLICE_X91Y63         LUT4 (Prop_lut4_I3_O)        0.303     6.250 f  PIPELINE/REGFILE/col_byte_r[7]_i_219/O
                         net (fo=1, routed)           0.796     7.046    PIPELINE/REGFILE/col_byte_r[7]_i_219_n_0
    SLICE_X91Y62         LUT5 (Prop_lut5_I4_O)        0.124     7.170 f  PIPELINE/REGFILE/col_byte_r[7]_i_125/O
                         net (fo=1, routed)           0.615     7.785    PIPELINE/REGFILE/col_byte_r[7]_i_125_n_0
    SLICE_X91Y61         LUT4 (Prop_lut4_I1_O)        0.124     7.909 r  PIPELINE/REGFILE/col_byte_r[7]_i_55/O
                         net (fo=14, routed)          0.677     8.586    PIPELINE/REGFILE/PONG_FB/fb21_in
    SLICE_X91Y61         LUT5 (Prop_lut5_I4_O)        0.124     8.710 r  PIPELINE/REGFILE/col_byte_r[7]_i_1151/O
                         net (fo=1058, routed)       28.554    37.264    PIPELINE/REGFILE/col_byte_r[7]_i_1151_n_0
    SLICE_X27Y52         LUT6 (Prop_lut6_I2_O)        0.124    37.388 r  PIPELINE/REGFILE/col_byte_r[1]_i_806/O
                         net (fo=1, routed)           0.727    38.115    PIPELINE/REGFILE/fb[2191]
    SLICE_X26Y52         LUT3 (Prop_lut3_I2_O)        0.124    38.239 r  PIPELINE/REGFILE/col_byte_r[1]_i_370/O
                         net (fo=1, routed)           1.782    40.022    PIPELINE/REGFILE/col_byte_r[1]_i_370_n_0
    SLICE_X13Y49         LUT6 (Prop_lut6_I0_O)        0.124    40.146 r  PIPELINE/REGFILE/col_byte_r[1]_i_170/O
                         net (fo=1, routed)           0.000    40.146    PIPELINE/REGFILE/col_byte_r[1]_i_170_n_0
    SLICE_X13Y49         MUXF7 (Prop_muxf7_I1_O)      0.245    40.391 r  PIPELINE/REGFILE/col_byte_r_reg[1]_i_77/O
                         net (fo=1, routed)           0.000    40.391    PIPELINE/REGFILE/col_byte_r_reg[1]_i_77_n_0
    SLICE_X13Y49         MUXF8 (Prop_muxf8_I0_O)      0.104    40.495 r  PIPELINE/REGFILE/col_byte_r_reg[1]_i_29/O
                         net (fo=1, routed)           1.039    41.534    PIPELINE/REGFILE/col_byte_r_reg[1]_i_29_n_0
    SLICE_X22Y37         LUT6 (Prop_lut6_I5_O)        0.316    41.850 r  PIPELINE/REGFILE/col_byte_r[1]_i_9/O
                         net (fo=1, routed)           1.668    43.518    PIPELINE/REGFILE/col_byte_r[1]_i_9_n_0
    SLICE_X43Y49         LUT5 (Prop_lut5_I1_O)        0.124    43.642 r  PIPELINE/REGFILE/col_byte_r[1]_i_4/O
                         net (fo=1, routed)           0.000    43.642    PIPELINE/REGFILE/col_byte_r[1]_i_4_n_0
    SLICE_X43Y49         MUXF7 (Prop_muxf7_I0_O)      0.238    43.880 r  PIPELINE/REGFILE/col_byte_r_reg[1]_i_2/O
                         net (fo=1, routed)           0.000    43.880    PIPELINE/REGFILE/col_byte_r_reg[1]_i_2_n_0
    SLICE_X43Y49         MUXF8 (Prop_muxf8_I0_O)      0.104    43.984 r  PIPELINE/REGFILE/col_byte_r_reg[1]_i_1/O
                         net (fo=1, routed)           0.000    43.984    SPI/D[1]
    SLICE_X43Y49         FDRE                                         r  SPI/col_byte_r_reg[1]/D
  -------------------------------------------------------------------    -------------------

Slack:                    inf
  Source:                 PIPELINE/REGFILE/regBank_reg[3][2]/C
                            (rising edge-triggered cell FDCE)
  Destination:            SPI/col_byte_r_reg[0]/D
  Path Group:             (none)
  Path Type:              Max at Slow Process Corner
  Data Path Delay:        42.683ns  (logic 4.788ns (11.217%)  route 37.895ns (88.783%))
  Logic Levels:           22  (CARRY4=8 FDCE=1 LUT4=3 LUT5=2 LUT6=3 MUXF7=3 MUXF8=2)

    Location             Delay type                Incr(ns)  Path(ns)    Netlist Resource(s)
  -------------------------------------------------------------------    -------------------
    SLICE_X93Y70         FDCE                         0.000     0.000 r  PIPELINE/REGFILE/regBank_reg[3][2]/C
    SLICE_X93Y70         FDCE (Prop_fdce_C_Q)         0.456     0.456 r  PIPELINE/REGFILE/regBank_reg[3][2]/Q
                         net (fo=7555, routed)        2.887     3.343    PIPELINE/REGFILE/r3[2]
    SLICE_X89Y56         CARRY4 (Prop_carry4_S[1]_CO[3])
                                                      0.674     4.017 r  PIPELINE/REGFILE/col_byte_r_reg[7]_i_47/CO[3]
                         net (fo=1, routed)           0.000     4.017    PIPELINE/REGFILE/col_byte_r_reg[7]_i_47_n_0
    SLICE_X89Y57         CARRY4 (Prop_carry4_CI_CO[3])
                                                      0.114     4.131 r  PIPELINE/REGFILE/col_byte_r_reg[7]_i_104/CO[3]
                         net (fo=1, routed)           0.000     4.131    PIPELINE/REGFILE/col_byte_r_reg[7]_i_104_n_0
    SLICE_X89Y58         CARRY4 (Prop_carry4_CI_CO[3])
                                                      0.114     4.245 r  PIPELINE/REGFILE/col_byte_r_reg[7]_i_204/CO[3]
                         net (fo=1, routed)           0.000     4.245    PIPELINE/REGFILE/col_byte_r_reg[7]_i_204_n_0
    SLICE_X89Y59         CARRY4 (Prop_carry4_CI_CO[3])
                                                      0.114     4.359 r  PIPELINE/REGFILE/col_byte_r_reg[7]_i_203/CO[3]
                         net (fo=1, routed)           0.000     4.359    PIPELINE/REGFILE/col_byte_r_reg[7]_i_203_n_0
    SLICE_X89Y60         CARRY4 (Prop_carry4_CI_CO[3])
                                                      0.114     4.473 r  PIPELINE/REGFILE/col_byte_r_reg[7]_i_215/CO[3]
                         net (fo=1, routed)           0.000     4.473    PIPELINE/REGFILE/col_byte_r_reg[7]_i_215_n_0
    SLICE_X89Y61         CARRY4 (Prop_carry4_CI_CO[3])
                                                      0.114     4.587 r  PIPELINE/REGFILE/col_byte_r_reg[7]_i_218/CO[3]
                         net (fo=1, routed)           0.000     4.587    PIPELINE/REGFILE/col_byte_r_reg[7]_i_218_n_0
    SLICE_X89Y62         CARRY4 (Prop_carry4_CI_CO[3])
                                                      0.114     4.701 r  PIPELINE/REGFILE/col_byte_r_reg[7]_i_217/CO[3]
                         net (fo=1, routed)           0.000     4.701    PIPELINE/REGFILE/col_byte_r_reg[7]_i_217_n_0
    SLICE_X89Y63         CARRY4 (Prop_carry4_CI_O[1])
                                                      0.334     5.035 f  PIPELINE/REGFILE/col_byte_r_reg[7]_i_436/O[1]
                         net (fo=3, routed)           0.912     5.947    PIPELINE/REGFILE/PONG_FB/fb3__0[30]
    SLICE_X91Y63         LUT4 (Prop_lut4_I3_O)        0.303     6.250 f  PIPELINE/REGFILE/col_byte_r[7]_i_219/O
                         net (fo=1, routed)           0.796     7.046    PIPELINE/REGFILE/col_byte_r[7]_i_219_n_0
    SLICE_X91Y62         LUT5 (Prop_lut5_I4_O)        0.124     7.170 f  PIPELINE/REGFILE/col_byte_r[7]_i_125/O
                         net (fo=1, routed)           0.615     7.785    PIPELINE/REGFILE/col_byte_r[7]_i_125_n_0
    SLICE_X91Y61         LUT4 (Prop_lut4_I1_O)        0.124     7.909 r  PIPELINE/REGFILE/col_byte_r[7]_i_55/O
                         net (fo=14, routed)          0.577     8.486    PIPELINE/REGFILE/PONG_FB/fb21_in
    SLICE_X91Y58         LUT5 (Prop_lut5_I4_O)        0.120     8.606 r  PIPELINE/REGFILE/col_byte_r[7]_i_1146/O
                         net (fo=1061, routed)       26.547    35.153    PIPELINE/REGFILE/col_byte_r[7]_i_1146_n_0
    SLICE_X50Y53         LUT4 (Prop_lut4_I2_O)        0.327    35.480 r  PIPELINE/REGFILE/col_byte_r[0]_i_1257/O
                         net (fo=1, routed)           1.017    36.498    PIPELINE/REGFILE/fb[5123]
    SLICE_X45Y52         LUT6 (Prop_lut6_I1_O)        0.124    36.622 r  PIPELINE/REGFILE/col_byte_r[0]_i_522/O
                         net (fo=1, routed)           0.000    36.622    PIPELINE/REGFILE/col_byte_r[0]_i_522_n_0
    SLICE_X45Y52         MUXF7 (Prop_muxf7_I0_O)      0.238    36.860 r  PIPELINE/REGFILE/col_byte_r_reg[0]_i_227/O
                         net (fo=1, routed)           0.000    36.860    PIPELINE/REGFILE/col_byte_r_reg[0]_i_227_n_0
    SLICE_X45Y52         MUXF8 (Prop_muxf8_I0_O)      0.104    36.964 r  PIPELINE/REGFILE/col_byte_r_reg[0]_i_106/O
                         net (fo=1, routed)           2.221    39.185    PIPELINE/REGFILE/col_byte_r_reg[0]_i_106_n_0
    SLICE_X69Y23         LUT6 (Prop_lut6_I5_O)        0.316    39.501 r  PIPELINE/REGFILE/col_byte_r[0]_i_38/O
                         net (fo=1, routed)           0.000    39.501    PIPELINE/REGFILE/col_byte_r[0]_i_38_n_0
    SLICE_X69Y23         MUXF7 (Prop_muxf7_I0_O)      0.212    39.713 r  PIPELINE/REGFILE/col_byte_r_reg[0]_i_13/O
                         net (fo=1, routed)           2.323    42.035    PIPELINE/REGFILE/col_byte_r_reg[0]_i_13_n_0
    SLICE_X37Y49         LUT6 (Prop_lut6_I3_O)        0.299    42.334 r  PIPELINE/REGFILE/col_byte_r[0]_i_5/O
                         net (fo=1, routed)           0.000    42.334    PIPELINE/REGFILE/col_byte_r[0]_i_5_n_0
    SLICE_X37Y49         MUXF7 (Prop_muxf7_I1_O)      0.245    42.579 r  PIPELINE/REGFILE/col_byte_r_reg[0]_i_2/O
                         net (fo=1, routed)           0.000    42.579    PIPELINE/REGFILE/SPI/in170
    SLICE_X37Y49         MUXF8 (Prop_muxf8_I0_O)      0.104    42.683 r  PIPELINE/REGFILE/col_byte_r_reg[0]_i_1/O
                         net (fo=1, routed)           0.000    42.683    SPI/D[0]
    SLICE_X37Y49         FDRE                                         r  SPI/col_byte_r_reg[0]/D
  -------------------------------------------------------------------    -------------------

Slack:                    inf
  Source:                 reset
                            (input port)
  Destination:            SPI/col_byte_r_reg[1]/CE
  Path Group:             (none)
  Path Type:              Max at Slow Process Corner
  Data Path Delay:        22.002ns  (logic 1.587ns (7.215%)  route 20.415ns (92.785%))
  Logic Levels:           2  (IBUF=1 LUT6=1)

    Location             Delay type                Incr(ns)  Path(ns)    Netlist Resource(s)
  -------------------------------------------------------------------    -------------------
    D19                                               0.000     0.000 f  reset (IN)
                         net (fo=0)                   0.000     0.000    reset
    D19                  IBUF (Prop_ibuf_I_O)         1.463     1.463 f  reset_IBUF_inst/O
                         net (fo=1617, routed)       18.510    19.974    SPI/reset_IBUF
    SLICE_X29Y48         LUT6 (Prop_lut6_I5_O)        0.124    20.098 r  SPI/col_byte_r[7]_i_1/O
                         net (fo=8, routed)           1.905    22.002    SPI/col_byte_r[7]_i_1_n_0
    SLICE_X43Y49         FDRE                                         r  SPI/col_byte_r_reg[1]/CE
  -------------------------------------------------------------------    -------------------

Slack:                    inf
  Source:                 reset
                            (input port)
  Destination:            SPI/col_byte_r_reg[6]/CE
  Path Group:             (none)
  Path Type:              Max at Slow Process Corner
  Data Path Delay:        21.666ns  (logic 1.587ns (7.327%)  route 20.079ns (92.673%))
  Logic Levels:           2  (IBUF=1 LUT6=1)

    Location             Delay type                Incr(ns)  Path(ns)    Netlist Resource(s)
  -------------------------------------------------------------------    -------------------
    D19                                               0.000     0.000 f  reset (IN)
                         net (fo=0)                   0.000     0.000    reset
    D19                  IBUF (Prop_ibuf_I_O)         1.463     1.463 f  reset_IBUF_inst/O
                         net (fo=1617, routed)       18.510    19.974    SPI/reset_IBUF
    SLICE_X29Y48         LUT6 (Prop_lut6_I5_O)        0.124    20.098 r  SPI/col_byte_r[7]_i_1/O
                         net (fo=8, routed)           1.568    21.666    SPI/col_byte_r[7]_i_1_n_0
    SLICE_X45Y49         FDRE                                         r  SPI/col_byte_r_reg[6]/CE
  -------------------------------------------------------------------    -------------------





Min Delay Paths
--------------------------------------------------------------------------------------
Slack:                    inf
  Source:                 PIPELINE/EX_MEM/ex_mem_NPC_out_reg[25]/C
                            (rising edge-triggered cell FDCE)
  Destination:            PIPELINE/MEM_WB/mem_wb_NPC_out_reg[25]/D
  Path Group:             (none)
  Path Type:              Min at Fast Process Corner
  Data Path Delay:        0.240ns  (logic 0.141ns (58.691%)  route 0.099ns (41.309%))
  Logic Levels:           1  (FDCE=1)

    Location             Delay type                Incr(ns)  Path(ns)    Netlist Resource(s)
  -------------------------------------------------------------------    -------------------
    SLICE_X95Y77         FDCE                         0.000     0.000 r  PIPELINE/EX_MEM/ex_mem_NPC_out_reg[25]/C
    SLICE_X95Y77         FDCE (Prop_fdce_C_Q)         0.141     0.141 r  PIPELINE/EX_MEM/ex_mem_NPC_out_reg[25]/Q
                         net (fo=1, routed)           0.099     0.240    PIPELINE/MEM_WB/D[25]
    SLICE_X97Y77         FDCE                                         r  PIPELINE/MEM_WB/mem_wb_NPC_out_reg[25]/D
  -------------------------------------------------------------------    -------------------

Slack:                    inf
  Source:                 SPI/shift_reg_reg[4]/C
                            (rising edge-triggered cell FDRE)
  Destination:            SPI/shift_reg_reg[5]/D
  Path Group:             (none)
  Path Type:              Min at Fast Process Corner
  Data Path Delay:        0.242ns  (logic 0.186ns (76.827%)  route 0.056ns (23.173%))
  Logic Levels:           2  (FDRE=1 LUT4=1)

    Location             Delay type                Incr(ns)  Path(ns)    Netlist Resource(s)
  -------------------------------------------------------------------    -------------------
    SLICE_X33Y50         FDRE                         0.000     0.000 r  SPI/shift_reg_reg[4]/C
    SLICE_X33Y50         FDRE (Prop_fdre_C_Q)         0.141     0.141 r  SPI/shift_reg_reg[4]/Q
                         net (fo=1, routed)           0.056     0.197    SPI/shift_reg[4]
    SLICE_X32Y50         LUT4 (Prop_lut4_I3_O)        0.045     0.242 r  SPI/shift_reg[5]_i_1/O
                         net (fo=1, routed)           0.000     0.242    SPI/shift_reg0_out[5]
    SLICE_X32Y50         FDRE                                         r  SPI/shift_reg_reg[5]/D
  -------------------------------------------------------------------    -------------------

Slack:                    inf
  Source:                 PIPELINE/EX_MEM/ex_mem_NPC_out_reg[30]/C
                            (rising edge-triggered cell FDCE)
  Destination:            PIPELINE/MEM_WB/mem_wb_NPC_out_reg[30]/D
  Path Group:             (none)
  Path Type:              Min at Fast Process Corner
  Data Path Delay:        0.253ns  (logic 0.148ns (58.566%)  route 0.105ns (41.434%))
  Logic Levels:           1  (FDCE=1)

    Location             Delay type                Incr(ns)  Path(ns)    Netlist Resource(s)
  -------------------------------------------------------------------    -------------------
    SLICE_X96Y76         FDCE                         0.000     0.000 r  PIPELINE/EX_MEM/ex_mem_NPC_out_reg[30]/C
    SLICE_X96Y76         FDCE (Prop_fdce_C_Q)         0.148     0.148 r  PIPELINE/EX_MEM/ex_mem_NPC_out_reg[30]/Q
                         net (fo=1, routed)           0.105     0.253    PIPELINE/MEM_WB/D[30]
    SLICE_X95Y77         FDCE                                         r  PIPELINE/MEM_WB/mem_wb_NPC_out_reg[30]/D
  -------------------------------------------------------------------    -------------------

Slack:                    inf
  Source:                 PIPELINE/EX_MEM/ex_mem_Jal_out_reg/C
                            (rising edge-triggered cell FDCE)
  Destination:            PIPELINE/MEM_WB/mem_wb_Jal_out_reg/D
  Path Group:             (none)
  Path Type:              Min at Fast Process Corner
  Data Path Delay:        0.257ns  (logic 0.141ns (54.828%)  route 0.116ns (45.172%))
  Logic Levels:           1  (FDCE=1)

    Location             Delay type                Incr(ns)  Path(ns)    Netlist Resource(s)
  -------------------------------------------------------------------    -------------------
    SLICE_X93Y72         FDCE                         0.000     0.000 r  PIPELINE/EX_MEM/ex_mem_Jal_out_reg/C
    SLICE_X93Y72         FDCE (Prop_fdce_C_Q)         0.141     0.141 r  PIPELINE/EX_MEM/ex_mem_Jal_out_reg/Q
                         net (fo=1, routed)           0.116     0.257    PIPELINE/MEM_WB/ex_mem_Jal
    SLICE_X92Y72         FDCE                                         r  PIPELINE/MEM_WB/mem_wb_Jal_out_reg/D
  -------------------------------------------------------------------    -------------------

Slack:                    inf
  Source:                 PIPELINE/EX_MEM/ex_mem_NPC_out_reg[12]/C
                            (rising edge-triggered cell FDCE)
  Destination:            PIPELINE/MEM_WB/mem_wb_NPC_out_reg[12]/D
  Path Group:             (none)
  Path Type:              Min at Fast Process Corner
  Data Path Delay:        0.268ns  (logic 0.148ns (55.273%)  route 0.120ns (44.727%))
  Logic Levels:           1  (FDCE=1)

    Location             Delay type                Incr(ns)  Path(ns)    Netlist Resource(s)
  -------------------------------------------------------------------    -------------------
    SLICE_X102Y69        FDCE                         0.000     0.000 r  PIPELINE/EX_MEM/ex_mem_NPC_out_reg[12]/C
    SLICE_X102Y69        FDCE (Prop_fdce_C_Q)         0.148     0.148 r  PIPELINE/EX_MEM/ex_mem_NPC_out_reg[12]/Q
                         net (fo=1, routed)           0.120     0.268    PIPELINE/MEM_WB/D[12]
    SLICE_X103Y69        FDCE                                         r  PIPELINE/MEM_WB/mem_wb_NPC_out_reg[12]/D
  -------------------------------------------------------------------    -------------------

Slack:                    inf
  Source:                 PIPELINE/EX_MEM/ex_mem_NPC_out_reg[18]/C
                            (rising edge-triggered cell FDCE)
  Destination:            PIPELINE/MEM_WB/mem_wb_NPC_out_reg[18]/D
  Path Group:             (none)
  Path Type:              Min at Fast Process Corner
  Data Path Delay:        0.269ns  (logic 0.128ns (47.666%)  route 0.141ns (52.334%))
  Logic Levels:           1  (FDCE=1)

    Location             Delay type                Incr(ns)  Path(ns)    Netlist Resource(s)
  -------------------------------------------------------------------    -------------------
    SLICE_X99Y71         FDCE                         0.000     0.000 r  PIPELINE/EX_MEM/ex_mem_NPC_out_reg[18]/C
    SLICE_X99Y71         FDCE (Prop_fdce_C_Q)         0.128     0.128 r  PIPELINE/EX_MEM/ex_mem_NPC_out_reg[18]/Q
                         net (fo=1, routed)           0.141     0.269    PIPELINE/MEM_WB/D[18]
    SLICE_X98Y71         FDCE                                         r  PIPELINE/MEM_WB/mem_wb_NPC_out_reg[18]/D
  -------------------------------------------------------------------    -------------------

Slack:                    inf
  Source:                 PIPELINE/EX_MEM/ex_mem_NPC_out_reg[7]/C
                            (rising edge-triggered cell FDCE)
  Destination:            PIPELINE/MEM_WB/mem_wb_NPC_out_reg[7]/D
  Path Group:             (none)
  Path Type:              Min at Fast Process Corner
  Data Path Delay:        0.274ns  (logic 0.164ns (59.853%)  route 0.110ns (40.147%))
  Logic Levels:           1  (FDCE=1)

    Location             Delay type                Incr(ns)  Path(ns)    Netlist Resource(s)
  -------------------------------------------------------------------    -------------------
    SLICE_X104Y68        FDCE                         0.000     0.000 r  PIPELINE/EX_MEM/ex_mem_NPC_out_reg[7]/C
    SLICE_X104Y68        FDCE (Prop_fdce_C_Q)         0.164     0.164 r  PIPELINE/EX_MEM/ex_mem_NPC_out_reg[7]/Q
                         net (fo=1, routed)           0.110     0.274    PIPELINE/MEM_WB/D[7]
    SLICE_X104Y68        FDCE                                         r  PIPELINE/MEM_WB/mem_wb_NPC_out_reg[7]/D
  -------------------------------------------------------------------    -------------------

Slack:                    inf
  Source:                 PIPELINE/EX_MEM/ex_mem_NPC_out_reg[11]/C
                            (rising edge-triggered cell FDCE)
  Destination:            PIPELINE/MEM_WB/mem_wb_NPC_out_reg[11]/D
  Path Group:             (none)
  Path Type:              Min at Fast Process Corner
  Data Path Delay:        0.280ns  (logic 0.164ns (58.537%)  route 0.116ns (41.463%))
  Logic Levels:           1  (FDCE=1)

    Location             Delay type                Incr(ns)  Path(ns)    Netlist Resource(s)
  -------------------------------------------------------------------    -------------------
    SLICE_X102Y69        FDCE                         0.000     0.000 r  PIPELINE/EX_MEM/ex_mem_NPC_out_reg[11]/C
    SLICE_X102Y69        FDCE (Prop_fdce_C_Q)         0.164     0.164 r  PIPELINE/EX_MEM/ex_mem_NPC_out_reg[11]/Q
                         net (fo=1, routed)           0.116     0.280    PIPELINE/MEM_WB/D[11]
    SLICE_X103Y69        FDCE                                         r  PIPELINE/MEM_WB/mem_wb_NPC_out_reg[11]/D
  -------------------------------------------------------------------    -------------------

Slack:                    inf
  Source:                 PIPELINE/EX_MEM/ex_mem_NPC_out_reg[17]/C
                            (rising edge-triggered cell FDCE)
  Destination:            PIPELINE/MEM_WB/mem_wb_NPC_out_reg[17]/D
  Path Group:             (none)
  Path Type:              Min at Fast Process Corner
  Data Path Delay:        0.290ns  (logic 0.141ns (48.557%)  route 0.149ns (51.443%))
  Logic Levels:           1  (FDCE=1)

    Location             Delay type                Incr(ns)  Path(ns)    Netlist Resource(s)
  -------------------------------------------------------------------    -------------------
    SLICE_X99Y71         FDCE                         0.000     0.000 r  PIPELINE/EX_MEM/ex_mem_NPC_out_reg[17]/C
    SLICE_X99Y71         FDCE (Prop_fdce_C_Q)         0.141     0.141 r  PIPELINE/EX_MEM/ex_mem_NPC_out_reg[17]/Q
                         net (fo=1, routed)           0.149     0.290    PIPELINE/MEM_WB/D[17]
    SLICE_X98Y71         FDCE                                         r  PIPELINE/MEM_WB/mem_wb_NPC_out_reg[17]/D
  -------------------------------------------------------------------    -------------------

Slack:                    inf
  Source:                 PIPELINE/EX_MEM/ex_mem_NPC_out_reg[3]/C
                            (rising edge-triggered cell FDCE)
  Destination:            PIPELINE/MEM_WB/mem_wb_NPC_out_reg[3]/D
  Path Group:             (none)
  Path Type:              Min at Fast Process Corner
  Data Path Delay:        0.299ns  (logic 0.141ns (47.176%)  route 0.158ns (52.824%))
  Logic Levels:           1  (FDCE=1)

    Location             Delay type                Incr(ns)  Path(ns)    Netlist Resource(s)
  -------------------------------------------------------------------    -------------------
    SLICE_X99Y66         FDCE                         0.000     0.000 r  PIPELINE/EX_MEM/ex_mem_NPC_out_reg[3]/C
    SLICE_X99Y66         FDCE (Prop_fdce_C_Q)         0.141     0.141 r  PIPELINE/EX_MEM/ex_mem_NPC_out_reg[3]/Q
                         net (fo=1, routed)           0.158     0.299    PIPELINE/MEM_WB/D[3]
    SLICE_X100Y67        FDCE                                         r  PIPELINE/MEM_WB/mem_wb_NPC_out_reg[3]/D
  -------------------------------------------------------------------    -------------------





--------------------------------------------------------------------------------------
Path Group:  (none)
From Clock:  
  To Clock:  sys_clk

Max Delay             1 Endpoint
Min Delay             1 Endpoint
--------------------------------------------------------------------------------------


Max Delay Paths
--------------------------------------------------------------------------------------
Slack:                    inf
  Source:                 reset
                            (input port)
  Destination:            TFF/q_reg/CLR
                            (recovery check against rising-edge clock sys_clk  {rise@0.000ns fall@4.000ns period=8.000ns})
  Path Group:             (none)
  Path Type:              Recovery (Max at Slow Process Corner)
  Data Path Delay:        18.323ns  (logic 1.463ns (7.987%)  route 16.859ns (92.013%))
  Logic Levels:           1  (IBUF=1)
  Clock Path Skew:        5.258ns (DCD - SCD + CPR)
    Destination Clock Delay (DCD):    5.258ns
    Source Clock Delay      (SCD):    0.000ns
    Clock Pessimism Removal (CPR):    0.000ns
  Clock Uncertainty:      0.025ns  ((TSJ^2 + TIJ^2)^1/2 + DJ) / 2 + PE
    Total System Jitter     (TSJ):    0.050ns
    Total Input Jitter      (TIJ):    0.000ns
    Discrete Jitter          (DJ):    0.000ns
    Phase Error              (PE):    0.000ns

    Location             Delay type                Incr(ns)  Path(ns)    Netlist Resource(s)
  -------------------------------------------------------------------    -------------------
    D19                                               0.000     0.000 f  reset (IN)
                         net (fo=0)                   0.000     0.000    reset
    D19                  IBUF (Prop_ibuf_I_O)         1.463     1.463 f  reset_IBUF_inst/O
                         net (fo=1617, routed)       16.859    18.323    TFF/reset_IBUF
    SLICE_X49Y46         FDCE                                         f  TFF/q_reg/CLR
  -------------------------------------------------------------------    -------------------

                         (clock sys_clk rise edge)    0.000     0.000 r  
    H16                                               0.000     0.000 r  clock (IN)
                         net (fo=0)                   0.000     0.000    clock
    H16                  IBUF (Prop_ibuf_I_O)         1.380     1.380 r  clock_IBUF_inst/O
                         net (fo=1, routed)           2.293     3.673    clock_IBUF
    BUFGCTRL_X0Y16       BUFG (Prop_bufg_I_O)         0.091     3.764 r  clock_IBUF_BUFG_inst/O
                         net (fo=1, routed)           1.493     5.258    TFF/clock_IBUF_BUFG
    SLICE_X49Y46         FDCE                                         r  TFF/q_reg/C





Min Delay Paths
--------------------------------------------------------------------------------------
Slack:                    inf
  Source:                 reset
                            (input port)
  Destination:            TFF/q_reg/CLR
                            (removal check against rising-edge clock sys_clk  {rise@0.000ns fall@4.000ns period=8.000ns})
  Path Group:             (none)
  Path Type:              Removal (Min at Fast Process Corner)
  Data Path Delay:        7.967ns  (logic 0.231ns (2.905%)  route 7.735ns (97.095%))
  Logic Levels:           1  (IBUF=1)
  Clock Path Skew:        2.171ns (DCD - SCD - CPR)
    Destination Clock Delay (DCD):    2.171ns
    Source Clock Delay      (SCD):    0.000ns
    Clock Pessimism Removal (CPR):    -0.000ns

    Location             Delay type                Incr(ns)  Path(ns)    Netlist Resource(s)
  -------------------------------------------------------------------    -------------------
    D19                                               0.000     0.000 f  reset (IN)
                         net (fo=0)                   0.000     0.000    reset
    D19                  IBUF (Prop_ibuf_I_O)         0.231     0.231 f  reset_IBUF_inst/O
                         net (fo=1617, routed)        7.735     7.967    TFF/reset_IBUF
    SLICE_X49Y46         FDCE                                         f  TFF/q_reg/CLR
  -------------------------------------------------------------------    -------------------

                         (clock sys_clk rise edge)    0.000     0.000 r  
    H16                                               0.000     0.000 r  clock (IN)
                         net (fo=0)                   0.000     0.000    clock
    H16                  IBUF (Prop_ibuf_I_O)         0.406     0.406 r  clock_IBUF_inst/O
                         net (fo=1, routed)           0.907     1.313    clock_IBUF
    BUFGCTRL_X0Y16       BUFG (Prop_bufg_I_O)         0.029     1.342 r  clock_IBUF_BUFG_inst/O
                         net (fo=1, routed)           0.829     2.171    TFF/clock_IBUF_BUFG
    SLICE_X49Y46         FDCE                                         r  TFF/q_reg/C





