
*** Running vivado
    with args -log parent.vds -m64 -product Vivado -mode batch -messageDb vivado.pb -notrace -source parent.tcl



*** Running vivado
    with args -log parent.vds -m64 -product Vivado -mode batch -messageDb vivado.pb -notrace -source parent.tcl



****** Vivado v2025.1 (64-bit)
  **** SW Build 6140274 on Thu May 22 00:12:29 MDT 2025
  **** IP Build 6138677 on Thu May 22 03:10:11 MDT 2025
  **** SharedData Build 6139179 on Tue May 20 17:58:58 MDT 2025
  **** Start of session at: Tue May 26 15:26:03 2026
    ** Copyright 1986-2022 Xilinx, Inc. All Rights Reserved.
    ** Copyright 2022-2025 Advanced Micro Devices, Inc. All Rights Reserved.

source parent.tcl -notrace
create_project: Time (s): cpu = 00:00:17 ; elapsed = 00:00:22 . Memory (MB): peak = 483.746 ; gain = 212.410
Command: read_checkpoint -auto_incremental -incremental C:/Vivado/CompArch/raycastGit/raycast/raycast.srcs/utils_1/imports/synth_1/pipeline.dcp
INFO: [Vivado 12-5825] Read reference checkpoint from C:/Vivado/CompArch/raycastGit/raycast/raycast.srcs/utils_1/imports/synth_1/pipeline.dcp for incremental synthesis
INFO: [Vivado 12-7989] Please ensure there are no constraint changes
read_checkpoint: Time (s): cpu = 00:00:02 ; elapsed = 00:00:07 . Memory (MB): peak = 491.250 ; gain = 7.504
Command: synth_design -top parent -part xc7z020clg400-1
Starting synth_design
Attempting to get a license for feature 'Synthesis' and/or device 'xc7z020'
INFO: [Common 17-349] Got license for feature 'Synthesis' and/or device 'xc7z020'
INFO: [Device 21-403] Loading part xc7z020clg400-1
INFO: [Synth 8-7079] Multithreading enabled for synth_design using a maximum of 2 processes.
INFO: [Synth 8-7078] Launching helper process for spawning children vivado processes
INFO: [Synth 8-7075] Helper process launched with PID 29356
---------------------------------------------------------------------------------
Starting RTL Elaboration : Time (s): cpu = 00:00:10 ; elapsed = 00:00:11 . Memory (MB): peak = 1213.984 ; gain = 492.480
---------------------------------------------------------------------------------
INFO: [Synth 8-11241] undeclared symbol 't_ff_clk', assumed default net type 'wire' [C:/Vivado/CompArch/raycastGit/raycast/raycast.srcs/sources_1/new/parent.v:21]
INFO: [Synth 8-6157] synthesizing module 'parent' [C:/Vivado/CompArch/raycastGit/raycast/raycast.srcs/sources_1/new/parent.v:3]
INFO: [Synth 8-6157] synthesizing module 'tff' [C:/Vivado/CompArch/raycastGit/raycast/raycast.srcs/sources_1/new/tff.v:4]
INFO: [Synth 8-6155] done synthesizing module 'tff' (0#1) [C:/Vivado/CompArch/raycastGit/raycast/raycast.srcs/sources_1/new/tff.v:4]
INFO: [Synth 8-6157] synthesizing module 'analogTranslator' [C:/Vivado/CompArch/raycastGit/raycast/raycast.srcs/sources_1/new/analogTranslator.v:3]
INFO: [Synth 8-6155] done synthesizing module 'analogTranslator' (0#1) [C:/Vivado/CompArch/raycastGit/raycast/raycast.srcs/sources_1/new/analogTranslator.v:3]
INFO: [Synth 8-6157] synthesizing module 'movementDivider' [C:/Vivado/CompArch/raycastGit/raycast/raycast.srcs/sources_1/new/movementDivider.v:2]
	Parameter SIM_MODE bound to: 0 - type: integer 
INFO: [Synth 8-6155] done synthesizing module 'movementDivider' (0#1) [C:/Vivado/CompArch/raycastGit/raycast/raycast.srcs/sources_1/new/movementDivider.v:2]
INFO: [Synth 8-6157] synthesizing module 'pipeline' [C:/Vivado/CompArch/raycastGit/raycast/raycast.srcs/sources_1/new/pipeline.v:2]
	Parameter inputs bound to: 256 - type: integer 
INFO: [Synth 8-6157] synthesizing module 'pc' [C:/Vivado/CompArch/raycastGit/raycast/raycast.srcs/sources_1/imports/new/pc.v:3]
INFO: [Synth 8-6155] done synthesizing module 'pc' (0#1) [C:/Vivado/CompArch/raycastGit/raycast/raycast.srcs/sources_1/imports/new/pc.v:3]
INFO: [Synth 8-6157] synthesizing module 'adder' [C:/Vivado/CompArch/raycastGit/raycast/raycast.srcs/sources_1/new/adder.v:3]
INFO: [Synth 8-6155] done synthesizing module 'adder' (0#1) [C:/Vivado/CompArch/raycastGit/raycast/raycast.srcs/sources_1/new/adder.v:3]
INFO: [Synth 8-6157] synthesizing module 'instructionMem' [C:/Vivado/CompArch/raycastGit/raycast/raycast.srcs/sources_1/imports/new/instructionMem.v:2]
INFO: [Synth 8-6155] done synthesizing module 'instructionMem' (0#1) [C:/Vivado/CompArch/raycastGit/raycast/raycast.srcs/sources_1/imports/new/instructionMem.v:2]
INFO: [Synth 8-6157] synthesizing module 'if_id' [C:/Vivado/CompArch/raycastGit/raycast/raycast.srcs/sources_1/new/if_id.v:3]
INFO: [Synth 8-6155] done synthesizing module 'if_id' (0#1) [C:/Vivado/CompArch/raycastGit/raycast/raycast.srcs/sources_1/new/if_id.v:3]
INFO: [Synth 8-6157] synthesizing module 'jTypeAddressProcessor' [C:/Vivado/CompArch/raycastGit/raycast/raycast.srcs/sources_1/new/jTypeAddressProcessor.v:3]
INFO: [Synth 8-6155] done synthesizing module 'jTypeAddressProcessor' (0#1) [C:/Vivado/CompArch/raycastGit/raycast/raycast.srcs/sources_1/new/jTypeAddressProcessor.v:3]
INFO: [Synth 8-6157] synthesizing module 'mux2' [C:/Vivado/CompArch/raycastGit/raycast/raycast.srcs/sources_1/new/mux2.v:4]
	Parameter width bound to: 32 - type: integer 
INFO: [Synth 8-6155] done synthesizing module 'mux2' (0#1) [C:/Vivado/CompArch/raycastGit/raycast/raycast.srcs/sources_1/new/mux2.v:4]
INFO: [Synth 8-6157] synthesizing module 'mainControl' [C:/Vivado/CompArch/raycastGit/raycast/raycast.srcs/sources_1/imports/new/mainControl.v:3]
INFO: [Synth 8-6155] done synthesizing module 'mainControl' (0#1) [C:/Vivado/CompArch/raycastGit/raycast/raycast.srcs/sources_1/imports/new/mainControl.v:3]
INFO: [Synth 8-6157] synthesizing module 'jrControl' [C:/Vivado/CompArch/raycastGit/raycast/raycast.srcs/sources_1/new/jrControl.v:3]
INFO: [Synth 8-6155] done synthesizing module 'jrControl' (0#1) [C:/Vivado/CompArch/raycastGit/raycast/raycast.srcs/sources_1/new/jrControl.v:3]
INFO: [Synth 8-6157] synthesizing module 'hazardDetectionUnit' [C:/Vivado/CompArch/raycastGit/raycast/raycast.srcs/sources_1/new/hazardDetectionUnit.v:3]
INFO: [Synth 8-6155] done synthesizing module 'hazardDetectionUnit' (0#1) [C:/Vivado/CompArch/raycastGit/raycast/raycast.srcs/sources_1/new/hazardDetectionUnit.v:3]
INFO: [Synth 8-6157] synthesizing module 'signExtend' [C:/Vivado/CompArch/raycastGit/raycast/raycast.srcs/sources_1/imports/new/signExtend.v:3]
INFO: [Synth 8-6155] done synthesizing module 'signExtend' (0#1) [C:/Vivado/CompArch/raycastGit/raycast/raycast.srcs/sources_1/imports/new/signExtend.v:3]
INFO: [Synth 8-6157] synthesizing module 'zeroExtend' [C:/Vivado/CompArch/raycastGit/raycast/raycast.srcs/sources_1/new/zeroExtend.v:3]
INFO: [Synth 8-6155] done synthesizing module 'zeroExtend' (0#1) [C:/Vivado/CompArch/raycastGit/raycast/raycast.srcs/sources_1/new/zeroExtend.v:3]
INFO: [Synth 8-6157] synthesizing module 'sext_or_zext_control' [C:/Vivado/CompArch/raycastGit/raycast/raycast.srcs/sources_1/new/sext_or_zext_control.v:3]
INFO: [Synth 8-6155] done synthesizing module 'sext_or_zext_control' (0#1) [C:/Vivado/CompArch/raycastGit/raycast/raycast.srcs/sources_1/new/sext_or_zext_control.v:3]
INFO: [Synth 8-6157] synthesizing module 'regFile' [C:/Vivado/CompArch/raycastGit/raycast/raycast.srcs/sources_1/imports/new/regFile.v:2]
INFO: [Synth 8-6155] done synthesizing module 'regFile' (0#1) [C:/Vivado/CompArch/raycastGit/raycast/raycast.srcs/sources_1/imports/new/regFile.v:2]
INFO: [Synth 8-6157] synthesizing module 'id_ex' [C:/Vivado/CompArch/raycastGit/raycast/raycast.srcs/sources_1/new/id_ex.v:8]
INFO: [Synth 8-6155] done synthesizing module 'id_ex' (0#1) [C:/Vivado/CompArch/raycastGit/raycast/raycast.srcs/sources_1/new/id_ex.v:8]
INFO: [Synth 8-6157] synthesizing module 'forwardingUnit' [C:/Vivado/CompArch/raycastGit/raycast/raycast.srcs/sources_1/new/forwardingUnit.v:3]
INFO: [Synth 8-6155] done synthesizing module 'forwardingUnit' (0#1) [C:/Vivado/CompArch/raycastGit/raycast/raycast.srcs/sources_1/new/forwardingUnit.v:3]
INFO: [Synth 8-6157] synthesizing module 'mux4' [C:/Vivado/CompArch/raycastGit/raycast/raycast.srcs/sources_1/new/mux4.v:3]
	Parameter width bound to: 32 - type: integer 
INFO: [Synth 8-6155] done synthesizing module 'mux4' (0#1) [C:/Vivado/CompArch/raycastGit/raycast/raycast.srcs/sources_1/new/mux4.v:3]
INFO: [Synth 8-6157] synthesizing module 'mux2__parameterized0' [C:/Vivado/CompArch/raycastGit/raycast/raycast.srcs/sources_1/new/mux2.v:4]
	Parameter width bound to: 5 - type: integer 
INFO: [Synth 8-6155] done synthesizing module 'mux2__parameterized0' (0#1) [C:/Vivado/CompArch/raycastGit/raycast/raycast.srcs/sources_1/new/mux2.v:4]
INFO: [Synth 8-6157] synthesizing module 'aluControl' [C:/Vivado/CompArch/raycastGit/raycast/raycast.srcs/sources_1/imports/new/aluControl.v:4]
INFO: [Synth 8-6155] done synthesizing module 'aluControl' (0#1) [C:/Vivado/CompArch/raycastGit/raycast/raycast.srcs/sources_1/imports/new/aluControl.v:4]
INFO: [Synth 8-6157] synthesizing module 'alu' [C:/Vivado/CompArch/raycastGit/raycast/raycast.srcs/sources_1/imports/new/alu6.v:4]
INFO: [Synth 8-6155] done synthesizing module 'alu' (0#1) [C:/Vivado/CompArch/raycastGit/raycast/raycast.srcs/sources_1/imports/new/alu6.v:4]
INFO: [Synth 8-6157] synthesizing module 'shiftLeft2' [C:/Vivado/CompArch/raycastGit/raycast/raycast.srcs/sources_1/imports/new/shiftLeft2.v:3]
INFO: [Synth 8-6155] done synthesizing module 'shiftLeft2' (0#1) [C:/Vivado/CompArch/raycastGit/raycast/raycast.srcs/sources_1/imports/new/shiftLeft2.v:3]
INFO: [Synth 8-6157] synthesizing module 'ex_mem' [C:/Vivado/CompArch/raycastGit/raycast/raycast.srcs/sources_1/new/ex_mem.v:8]
INFO: [Synth 8-6155] done synthesizing module 'ex_mem' (0#1) [C:/Vivado/CompArch/raycastGit/raycast/raycast.srcs/sources_1/new/ex_mem.v:8]
INFO: [Synth 8-6157] synthesizing module 'memory' [C:/Vivado/CompArch/raycastGit/raycast/raycast.srcs/sources_1/imports/new/memory.v:5]
WARNING: [Synth 8-324] index 512 out of range [C:/Vivado/CompArch/raycastGit/raycast/raycast.srcs/sources_1/imports/new/memory.v:55]
WARNING: [Synth 8-324] index 513 out of range [C:/Vivado/CompArch/raycastGit/raycast/raycast.srcs/sources_1/imports/new/memory.v:56]
WARNING: [Synth 8-324] index 514 out of range [C:/Vivado/CompArch/raycastGit/raycast/raycast.srcs/sources_1/imports/new/memory.v:57]
WARNING: [Synth 8-324] index 515 out of range [C:/Vivado/CompArch/raycastGit/raycast/raycast.srcs/sources_1/imports/new/memory.v:58]
WARNING: [Synth 8-324] index 516 out of range [C:/Vivado/CompArch/raycastGit/raycast/raycast.srcs/sources_1/imports/new/memory.v:55]
WARNING: [Synth 8-324] index 517 out of range [C:/Vivado/CompArch/raycastGit/raycast/raycast.srcs/sources_1/imports/new/memory.v:56]
WARNING: [Synth 8-324] index 518 out of range [C:/Vivado/CompArch/raycastGit/raycast/raycast.srcs/sources_1/imports/new/memory.v:57]
WARNING: [Synth 8-324] index 519 out of range [C:/Vivado/CompArch/raycastGit/raycast/raycast.srcs/sources_1/imports/new/memory.v:58]
WARNING: [Synth 8-324] index 520 out of range [C:/Vivado/CompArch/raycastGit/raycast/raycast.srcs/sources_1/imports/new/memory.v:55]
WARNING: [Synth 8-324] index 521 out of range [C:/Vivado/CompArch/raycastGit/raycast/raycast.srcs/sources_1/imports/new/memory.v:56]
WARNING: [Synth 8-324] index 522 out of range [C:/Vivado/CompArch/raycastGit/raycast/raycast.srcs/sources_1/imports/new/memory.v:57]
WARNING: [Synth 8-324] index 523 out of range [C:/Vivado/CompArch/raycastGit/raycast/raycast.srcs/sources_1/imports/new/memory.v:58]
WARNING: [Synth 8-324] index 524 out of range [C:/Vivado/CompArch/raycastGit/raycast/raycast.srcs/sources_1/imports/new/memory.v:55]
WARNING: [Synth 8-324] index 525 out of range [C:/Vivado/CompArch/raycastGit/raycast/raycast.srcs/sources_1/imports/new/memory.v:56]
WARNING: [Synth 8-324] index 526 out of range [C:/Vivado/CompArch/raycastGit/raycast/raycast.srcs/sources_1/imports/new/memory.v:57]
WARNING: [Synth 8-324] index 527 out of range [C:/Vivado/CompArch/raycastGit/raycast/raycast.srcs/sources_1/imports/new/memory.v:58]
WARNING: [Synth 8-324] index 528 out of range [C:/Vivado/CompArch/raycastGit/raycast/raycast.srcs/sources_1/imports/new/memory.v:55]
WARNING: [Synth 8-324] index 529 out of range [C:/Vivado/CompArch/raycastGit/raycast/raycast.srcs/sources_1/imports/new/memory.v:56]
WARNING: [Synth 8-324] index 530 out of range [C:/Vivado/CompArch/raycastGit/raycast/raycast.srcs/sources_1/imports/new/memory.v:57]
WARNING: [Synth 8-324] index 531 out of range [C:/Vivado/CompArch/raycastGit/raycast/raycast.srcs/sources_1/imports/new/memory.v:58]
WARNING: [Synth 8-324] index 532 out of range [C:/Vivado/CompArch/raycastGit/raycast/raycast.srcs/sources_1/imports/new/memory.v:55]
WARNING: [Synth 8-324] index 533 out of range [C:/Vivado/CompArch/raycastGit/raycast/raycast.srcs/sources_1/imports/new/memory.v:56]
WARNING: [Synth 8-324] index 534 out of range [C:/Vivado/CompArch/raycastGit/raycast/raycast.srcs/sources_1/imports/new/memory.v:57]
WARNING: [Synth 8-324] index 535 out of range [C:/Vivado/CompArch/raycastGit/raycast/raycast.srcs/sources_1/imports/new/memory.v:58]
WARNING: [Synth 8-324] index 536 out of range [C:/Vivado/CompArch/raycastGit/raycast/raycast.srcs/sources_1/imports/new/memory.v:55]
WARNING: [Synth 8-324] index 537 out of range [C:/Vivado/CompArch/raycastGit/raycast/raycast.srcs/sources_1/imports/new/memory.v:56]
WARNING: [Synth 8-324] index 538 out of range [C:/Vivado/CompArch/raycastGit/raycast/raycast.srcs/sources_1/imports/new/memory.v:57]
WARNING: [Synth 8-324] index 539 out of range [C:/Vivado/CompArch/raycastGit/raycast/raycast.srcs/sources_1/imports/new/memory.v:58]
WARNING: [Synth 8-324] index 540 out of range [C:/Vivado/CompArch/raycastGit/raycast/raycast.srcs/sources_1/imports/new/memory.v:55]
WARNING: [Synth 8-324] index 541 out of range [C:/Vivado/CompArch/raycastGit/raycast/raycast.srcs/sources_1/imports/new/memory.v:56]
WARNING: [Synth 8-324] index 542 out of range [C:/Vivado/CompArch/raycastGit/raycast/raycast.srcs/sources_1/imports/new/memory.v:57]
WARNING: [Synth 8-324] index 543 out of range [C:/Vivado/CompArch/raycastGit/raycast/raycast.srcs/sources_1/imports/new/memory.v:58]
WARNING: [Synth 8-324] index 544 out of range [C:/Vivado/CompArch/raycastGit/raycast/raycast.srcs/sources_1/imports/new/memory.v:55]
WARNING: [Synth 8-324] index 545 out of range [C:/Vivado/CompArch/raycastGit/raycast/raycast.srcs/sources_1/imports/new/memory.v:56]
WARNING: [Synth 8-324] index 546 out of range [C:/Vivado/CompArch/raycastGit/raycast/raycast.srcs/sources_1/imports/new/memory.v:57]
WARNING: [Synth 8-324] index 547 out of range [C:/Vivado/CompArch/raycastGit/raycast/raycast.srcs/sources_1/imports/new/memory.v:58]
WARNING: [Synth 8-324] index 548 out of range [C:/Vivado/CompArch/raycastGit/raycast/raycast.srcs/sources_1/imports/new/memory.v:55]
WARNING: [Synth 8-324] index 549 out of range [C:/Vivado/CompArch/raycastGit/raycast/raycast.srcs/sources_1/imports/new/memory.v:56]
WARNING: [Synth 8-324] index 550 out of range [C:/Vivado/CompArch/raycastGit/raycast/raycast.srcs/sources_1/imports/new/memory.v:57]
WARNING: [Synth 8-324] index 551 out of range [C:/Vivado/CompArch/raycastGit/raycast/raycast.srcs/sources_1/imports/new/memory.v:58]
WARNING: [Synth 8-324] index 552 out of range [C:/Vivado/CompArch/raycastGit/raycast/raycast.srcs/sources_1/imports/new/memory.v:55]
WARNING: [Synth 8-324] index 553 out of range [C:/Vivado/CompArch/raycastGit/raycast/raycast.srcs/sources_1/imports/new/memory.v:56]
WARNING: [Synth 8-324] index 554 out of range [C:/Vivado/CompArch/raycastGit/raycast/raycast.srcs/sources_1/imports/new/memory.v:57]
WARNING: [Synth 8-324] index 555 out of range [C:/Vivado/CompArch/raycastGit/raycast/raycast.srcs/sources_1/imports/new/memory.v:58]
WARNING: [Synth 8-324] index 556 out of range [C:/Vivado/CompArch/raycastGit/raycast/raycast.srcs/sources_1/imports/new/memory.v:55]
WARNING: [Synth 8-324] index 557 out of range [C:/Vivado/CompArch/raycastGit/raycast/raycast.srcs/sources_1/imports/new/memory.v:56]
WARNING: [Synth 8-324] index 558 out of range [C:/Vivado/CompArch/raycastGit/raycast/raycast.srcs/sources_1/imports/new/memory.v:57]
WARNING: [Synth 8-324] index 559 out of range [C:/Vivado/CompArch/raycastGit/raycast/raycast.srcs/sources_1/imports/new/memory.v:58]
WARNING: [Synth 8-324] index 560 out of range [C:/Vivado/CompArch/raycastGit/raycast/raycast.srcs/sources_1/imports/new/memory.v:55]
WARNING: [Synth 8-324] index 561 out of range [C:/Vivado/CompArch/raycastGit/raycast/raycast.srcs/sources_1/imports/new/memory.v:56]
WARNING: [Synth 8-324] index 562 out of range [C:/Vivado/CompArch/raycastGit/raycast/raycast.srcs/sources_1/imports/new/memory.v:57]
WARNING: [Synth 8-324] index 563 out of range [C:/Vivado/CompArch/raycastGit/raycast/raycast.srcs/sources_1/imports/new/memory.v:58]
WARNING: [Synth 8-324] index 564 out of range [C:/Vivado/CompArch/raycastGit/raycast/raycast.srcs/sources_1/imports/new/memory.v:55]
WARNING: [Synth 8-324] index 565 out of range [C:/Vivado/CompArch/raycastGit/raycast/raycast.srcs/sources_1/imports/new/memory.v:56]
WARNING: [Synth 8-324] index 566 out of range [C:/Vivado/CompArch/raycastGit/raycast/raycast.srcs/sources_1/imports/new/memory.v:57]
WARNING: [Synth 8-324] index 567 out of range [C:/Vivado/CompArch/raycastGit/raycast/raycast.srcs/sources_1/imports/new/memory.v:58]
WARNING: [Synth 8-324] index 568 out of range [C:/Vivado/CompArch/raycastGit/raycast/raycast.srcs/sources_1/imports/new/memory.v:55]
WARNING: [Synth 8-324] index 569 out of range [C:/Vivado/CompArch/raycastGit/raycast/raycast.srcs/sources_1/imports/new/memory.v:56]
WARNING: [Synth 8-324] index 570 out of range [C:/Vivado/CompArch/raycastGit/raycast/raycast.srcs/sources_1/imports/new/memory.v:57]
WARNING: [Synth 8-324] index 571 out of range [C:/Vivado/CompArch/raycastGit/raycast/raycast.srcs/sources_1/imports/new/memory.v:58]
WARNING: [Synth 8-324] index 572 out of range [C:/Vivado/CompArch/raycastGit/raycast/raycast.srcs/sources_1/imports/new/memory.v:55]
WARNING: [Synth 8-324] index 573 out of range [C:/Vivado/CompArch/raycastGit/raycast/raycast.srcs/sources_1/imports/new/memory.v:56]
WARNING: [Synth 8-324] index 574 out of range [C:/Vivado/CompArch/raycastGit/raycast/raycast.srcs/sources_1/imports/new/memory.v:57]
WARNING: [Synth 8-324] index 575 out of range [C:/Vivado/CompArch/raycastGit/raycast/raycast.srcs/sources_1/imports/new/memory.v:58]
WARNING: [Synth 8-324] index 576 out of range [C:/Vivado/CompArch/raycastGit/raycast/raycast.srcs/sources_1/imports/new/memory.v:55]
WARNING: [Synth 8-324] index 577 out of range [C:/Vivado/CompArch/raycastGit/raycast/raycast.srcs/sources_1/imports/new/memory.v:56]
WARNING: [Synth 8-324] index 578 out of range [C:/Vivado/CompArch/raycastGit/raycast/raycast.srcs/sources_1/imports/new/memory.v:57]
WARNING: [Synth 8-324] index 579 out of range [C:/Vivado/CompArch/raycastGit/raycast/raycast.srcs/sources_1/imports/new/memory.v:58]
WARNING: [Synth 8-324] index 580 out of range [C:/Vivado/CompArch/raycastGit/raycast/raycast.srcs/sources_1/imports/new/memory.v:55]
WARNING: [Synth 8-324] index 581 out of range [C:/Vivado/CompArch/raycastGit/raycast/raycast.srcs/sources_1/imports/new/memory.v:56]
WARNING: [Synth 8-324] index 582 out of range [C:/Vivado/CompArch/raycastGit/raycast/raycast.srcs/sources_1/imports/new/memory.v:57]
WARNING: [Synth 8-324] index 583 out of range [C:/Vivado/CompArch/raycastGit/raycast/raycast.srcs/sources_1/imports/new/memory.v:58]
WARNING: [Synth 8-324] index 584 out of range [C:/Vivado/CompArch/raycastGit/raycast/raycast.srcs/sources_1/imports/new/memory.v:55]
WARNING: [Synth 8-324] index 585 out of range [C:/Vivado/CompArch/raycastGit/raycast/raycast.srcs/sources_1/imports/new/memory.v:56]
WARNING: [Synth 8-324] index 586 out of range [C:/Vivado/CompArch/raycastGit/raycast/raycast.srcs/sources_1/imports/new/memory.v:57]
WARNING: [Synth 8-324] index 587 out of range [C:/Vivado/CompArch/raycastGit/raycast/raycast.srcs/sources_1/imports/new/memory.v:58]
WARNING: [Synth 8-324] index 588 out of range [C:/Vivado/CompArch/raycastGit/raycast/raycast.srcs/sources_1/imports/new/memory.v:55]
WARNING: [Synth 8-324] index 589 out of range [C:/Vivado/CompArch/raycastGit/raycast/raycast.srcs/sources_1/imports/new/memory.v:56]
WARNING: [Synth 8-324] index 590 out of range [C:/Vivado/CompArch/raycastGit/raycast/raycast.srcs/sources_1/imports/new/memory.v:57]
WARNING: [Synth 8-324] index 591 out of range [C:/Vivado/CompArch/raycastGit/raycast/raycast.srcs/sources_1/imports/new/memory.v:58]
WARNING: [Synth 8-324] index 592 out of range [C:/Vivado/CompArch/raycastGit/raycast/raycast.srcs/sources_1/imports/new/memory.v:55]
WARNING: [Synth 8-324] index 593 out of range [C:/Vivado/CompArch/raycastGit/raycast/raycast.srcs/sources_1/imports/new/memory.v:56]
WARNING: [Synth 8-324] index 594 out of range [C:/Vivado/CompArch/raycastGit/raycast/raycast.srcs/sources_1/imports/new/memory.v:57]
WARNING: [Synth 8-324] index 595 out of range [C:/Vivado/CompArch/raycastGit/raycast/raycast.srcs/sources_1/imports/new/memory.v:58]
WARNING: [Synth 8-324] index 596 out of range [C:/Vivado/CompArch/raycastGit/raycast/raycast.srcs/sources_1/imports/new/memory.v:55]
WARNING: [Synth 8-324] index 597 out of range [C:/Vivado/CompArch/raycastGit/raycast/raycast.srcs/sources_1/imports/new/memory.v:56]
WARNING: [Synth 8-324] index 598 out of range [C:/Vivado/CompArch/raycastGit/raycast/raycast.srcs/sources_1/imports/new/memory.v:57]
WARNING: [Synth 8-324] index 599 out of range [C:/Vivado/CompArch/raycastGit/raycast/raycast.srcs/sources_1/imports/new/memory.v:58]
WARNING: [Synth 8-324] index 600 out of range [C:/Vivado/CompArch/raycastGit/raycast/raycast.srcs/sources_1/imports/new/memory.v:55]
WARNING: [Synth 8-324] index 601 out of range [C:/Vivado/CompArch/raycastGit/raycast/raycast.srcs/sources_1/imports/new/memory.v:56]
WARNING: [Synth 8-324] index 602 out of range [C:/Vivado/CompArch/raycastGit/raycast/raycast.srcs/sources_1/imports/new/memory.v:57]
WARNING: [Synth 8-324] index 603 out of range [C:/Vivado/CompArch/raycastGit/raycast/raycast.srcs/sources_1/imports/new/memory.v:58]
WARNING: [Synth 8-324] index 604 out of range [C:/Vivado/CompArch/raycastGit/raycast/raycast.srcs/sources_1/imports/new/memory.v:55]
WARNING: [Synth 8-324] index 605 out of range [C:/Vivado/CompArch/raycastGit/raycast/raycast.srcs/sources_1/imports/new/memory.v:56]
WARNING: [Synth 8-324] index 606 out of range [C:/Vivado/CompArch/raycastGit/raycast/raycast.srcs/sources_1/imports/new/memory.v:57]
WARNING: [Synth 8-324] index 607 out of range [C:/Vivado/CompArch/raycastGit/raycast/raycast.srcs/sources_1/imports/new/memory.v:58]
WARNING: [Synth 8-324] index 608 out of range [C:/Vivado/CompArch/raycastGit/raycast/raycast.srcs/sources_1/imports/new/memory.v:55]
WARNING: [Synth 8-324] index 609 out of range [C:/Vivado/CompArch/raycastGit/raycast/raycast.srcs/sources_1/imports/new/memory.v:56]
WARNING: [Synth 8-324] index 610 out of range [C:/Vivado/CompArch/raycastGit/raycast/raycast.srcs/sources_1/imports/new/memory.v:57]
WARNING: [Synth 8-324] index 611 out of range [C:/Vivado/CompArch/raycastGit/raycast/raycast.srcs/sources_1/imports/new/memory.v:58]
INFO: [Common 17-14] Message 'Synth 8-324' appears 100 times and further instances of the messages will be disabled. Use the Tcl command set_msg_config to change the current settings.
INFO: [Synth 8-6155] done synthesizing module 'memory' (0#1) [C:/Vivado/CompArch/raycastGit/raycast/raycast.srcs/sources_1/imports/new/memory.v:5]
WARNING: [Synth 8-693] zero replication count - replication ignored [C:/Vivado/CompArch/raycastGit/raycast/raycast.srcs/sources_1/new/pipeline.v:111]
INFO: [Synth 8-6157] synthesizing module 'mem_wb' [C:/Vivado/CompArch/raycastGit/raycast/raycast.srcs/sources_1/new/mem_wb.v:7]
INFO: [Synth 8-6155] done synthesizing module 'mem_wb' (0#1) [C:/Vivado/CompArch/raycastGit/raycast/raycast.srcs/sources_1/new/mem_wb.v:7]
INFO: [Synth 8-6155] done synthesizing module 'pipeline' (0#1) [C:/Vivado/CompArch/raycastGit/raycast/raycast.srcs/sources_1/new/pipeline.v:2]
INFO: [Synth 8-6157] synthesizing module 'pongFrameBuffer' [C:/Vivado/CompArch/raycastGit/raycast/raycast.srcs/sources_1/new/pongFrameBuffer.v:11]
INFO: [Synth 8-6155] done synthesizing module 'pongFrameBuffer' (0#1) [C:/Vivado/CompArch/raycastGit/raycast/raycast.srcs/sources_1/new/pongFrameBuffer.v:11]
INFO: [Synth 8-6157] synthesizing module 'spi' [C:/Vivado/CompArch/raycastGit/raycast/raycast.srcs/sources_1/new/spi.v:3]
INFO: [Synth 8-226] default block is never used [C:/Vivado/CompArch/raycastGit/raycast/raycast.srcs/sources_1/new/spi.v:154]
INFO: [Synth 8-6155] done synthesizing module 'spi' (0#1) [C:/Vivado/CompArch/raycastGit/raycast/raycast.srcs/sources_1/new/spi.v:3]
INFO: [Synth 8-6155] done synthesizing module 'parent' (0#1) [C:/Vivado/CompArch/raycastGit/raycast/raycast.srcs/sources_1/new/parent.v:3]
WARNING: [Synth 8-6014] Unused sequential element mem_reg[1022] was removed.  [C:/Vivado/CompArch/raycastGit/raycast/raycast.srcs/sources_1/imports/new/instructionMem.v:11]
WARNING: [Synth 8-6014] Unused sequential element mem_reg[1021] was removed.  [C:/Vivado/CompArch/raycastGit/raycast/raycast.srcs/sources_1/imports/new/instructionMem.v:11]
WARNING: [Synth 8-6014] Unused sequential element mem_reg[1020] was removed.  [C:/Vivado/CompArch/raycastGit/raycast/raycast.srcs/sources_1/imports/new/instructionMem.v:11]
WARNING: [Synth 8-6014] Unused sequential element mem_reg[1019] was removed.  [C:/Vivado/CompArch/raycastGit/raycast/raycast.srcs/sources_1/imports/new/instructionMem.v:11]
WARNING: [Synth 8-6014] Unused sequential element mem_reg[1018] was removed.  [C:/Vivado/CompArch/raycastGit/raycast/raycast.srcs/sources_1/imports/new/instructionMem.v:11]
WARNING: [Synth 8-6014] Unused sequential element mem_reg[1017] was removed.  [C:/Vivado/CompArch/raycastGit/raycast/raycast.srcs/sources_1/imports/new/instructionMem.v:11]
WARNING: [Synth 8-6014] Unused sequential element mem_reg[1016] was removed.  [C:/Vivado/CompArch/raycastGit/raycast/raycast.srcs/sources_1/imports/new/instructionMem.v:11]
WARNING: [Synth 8-6014] Unused sequential element mem_reg[1015] was removed.  [C:/Vivado/CompArch/raycastGit/raycast/raycast.srcs/sources_1/imports/new/instructionMem.v:11]
WARNING: [Synth 8-6014] Unused sequential element mem_reg[1014] was removed.  [C:/Vivado/CompArch/raycastGit/raycast/raycast.srcs/sources_1/imports/new/instructionMem.v:11]
WARNING: [Synth 8-6014] Unused sequential element mem_reg[1013] was removed.  [C:/Vivado/CompArch/raycastGit/raycast/raycast.srcs/sources_1/imports/new/instructionMem.v:11]
WARNING: [Synth 8-6014] Unused sequential element mem_reg[1012] was removed.  [C:/Vivado/CompArch/raycastGit/raycast/raycast.srcs/sources_1/imports/new/instructionMem.v:11]
WARNING: [Synth 8-6014] Unused sequential element mem_reg[1011] was removed.  [C:/Vivado/CompArch/raycastGit/raycast/raycast.srcs/sources_1/imports/new/instructionMem.v:11]
WARNING: [Synth 8-6014] Unused sequential element mem_reg[1010] was removed.  [C:/Vivado/CompArch/raycastGit/raycast/raycast.srcs/sources_1/imports/new/instructionMem.v:11]
WARNING: [Synth 8-6014] Unused sequential element mem_reg[1009] was removed.  [C:/Vivado/CompArch/raycastGit/raycast/raycast.srcs/sources_1/imports/new/instructionMem.v:11]
WARNING: [Synth 8-6014] Unused sequential element mem_reg[1008] was removed.  [C:/Vivado/CompArch/raycastGit/raycast/raycast.srcs/sources_1/imports/new/instructionMem.v:11]
WARNING: [Synth 8-6014] Unused sequential element mem_reg[1007] was removed.  [C:/Vivado/CompArch/raycastGit/raycast/raycast.srcs/sources_1/imports/new/instructionMem.v:11]
WARNING: [Synth 8-6014] Unused sequential element mem_reg[1006] was removed.  [C:/Vivado/CompArch/raycastGit/raycast/raycast.srcs/sources_1/imports/new/instructionMem.v:11]
WARNING: [Synth 8-6014] Unused sequential element mem_reg[1005] was removed.  [C:/Vivado/CompArch/raycastGit/raycast/raycast.srcs/sources_1/imports/new/instructionMem.v:11]
WARNING: [Synth 8-6014] Unused sequential element mem_reg[1004] was removed.  [C:/Vivado/CompArch/raycastGit/raycast/raycast.srcs/sources_1/imports/new/instructionMem.v:11]
WARNING: [Synth 8-6014] Unused sequential element mem_reg[1003] was removed.  [C:/Vivado/CompArch/raycastGit/raycast/raycast.srcs/sources_1/imports/new/instructionMem.v:11]
WARNING: [Synth 8-6014] Unused sequential element mem_reg[1002] was removed.  [C:/Vivado/CompArch/raycastGit/raycast/raycast.srcs/sources_1/imports/new/instructionMem.v:11]
WARNING: [Synth 8-6014] Unused sequential element mem_reg[1001] was removed.  [C:/Vivado/CompArch/raycastGit/raycast/raycast.srcs/sources_1/imports/new/instructionMem.v:11]
WARNING: [Synth 8-6014] Unused sequential element mem_reg[1000] was removed.  [C:/Vivado/CompArch/raycastGit/raycast/raycast.srcs/sources_1/imports/new/instructionMem.v:11]
WARNING: [Synth 8-6014] Unused sequential element mem_reg[999] was removed.  [C:/Vivado/CompArch/raycastGit/raycast/raycast.srcs/sources_1/imports/new/instructionMem.v:11]
WARNING: [Synth 8-6014] Unused sequential element mem_reg[998] was removed.  [C:/Vivado/CompArch/raycastGit/raycast/raycast.srcs/sources_1/imports/new/instructionMem.v:11]
WARNING: [Synth 8-6014] Unused sequential element mem_reg[997] was removed.  [C:/Vivado/CompArch/raycastGit/raycast/raycast.srcs/sources_1/imports/new/instructionMem.v:11]
WARNING: [Synth 8-6014] Unused sequential element mem_reg[996] was removed.  [C:/Vivado/CompArch/raycastGit/raycast/raycast.srcs/sources_1/imports/new/instructionMem.v:11]
WARNING: [Synth 8-6014] Unused sequential element mem_reg[995] was removed.  [C:/Vivado/CompArch/raycastGit/raycast/raycast.srcs/sources_1/imports/new/instructionMem.v:11]
WARNING: [Synth 8-6014] Unused sequential element mem_reg[994] was removed.  [C:/Vivado/CompArch/raycastGit/raycast/raycast.srcs/sources_1/imports/new/instructionMem.v:11]
WARNING: [Synth 8-6014] Unused sequential element mem_reg[993] was removed.  [C:/Vivado/CompArch/raycastGit/raycast/raycast.srcs/sources_1/imports/new/instructionMem.v:11]
WARNING: [Synth 8-6014] Unused sequential element mem_reg[992] was removed.  [C:/Vivado/CompArch/raycastGit/raycast/raycast.srcs/sources_1/imports/new/instructionMem.v:11]
WARNING: [Synth 8-6014] Unused sequential element mem_reg[991] was removed.  [C:/Vivado/CompArch/raycastGit/raycast/raycast.srcs/sources_1/imports/new/instructionMem.v:11]
WARNING: [Synth 8-6014] Unused sequential element mem_reg[990] was removed.  [C:/Vivado/CompArch/raycastGit/raycast/raycast.srcs/sources_1/imports/new/instructionMem.v:11]
WARNING: [Synth 8-6014] Unused sequential element mem_reg[989] was removed.  [C:/Vivado/CompArch/raycastGit/raycast/raycast.srcs/sources_1/imports/new/instructionMem.v:11]
WARNING: [Synth 8-6014] Unused sequential element mem_reg[988] was removed.  [C:/Vivado/CompArch/raycastGit/raycast/raycast.srcs/sources_1/imports/new/instructionMem.v:11]
WARNING: [Synth 8-6014] Unused sequential element mem_reg[987] was removed.  [C:/Vivado/CompArch/raycastGit/raycast/raycast.srcs/sources_1/imports/new/instructionMem.v:11]
WARNING: [Synth 8-6014] Unused sequential element mem_reg[986] was removed.  [C:/Vivado/CompArch/raycastGit/raycast/raycast.srcs/sources_1/imports/new/instructionMem.v:11]
WARNING: [Synth 8-6014] Unused sequential element mem_reg[985] was removed.  [C:/Vivado/CompArch/raycastGit/raycast/raycast.srcs/sources_1/imports/new/instructionMem.v:11]
WARNING: [Synth 8-6014] Unused sequential element mem_reg[984] was removed.  [C:/Vivado/CompArch/raycastGit/raycast/raycast.srcs/sources_1/imports/new/instructionMem.v:11]
WARNING: [Synth 8-6014] Unused sequential element mem_reg[983] was removed.  [C:/Vivado/CompArch/raycastGit/raycast/raycast.srcs/sources_1/imports/new/instructionMem.v:11]
WARNING: [Synth 8-6014] Unused sequential element mem_reg[982] was removed.  [C:/Vivado/CompArch/raycastGit/raycast/raycast.srcs/sources_1/imports/new/instructionMem.v:11]
WARNING: [Synth 8-6014] Unused sequential element mem_reg[981] was removed.  [C:/Vivado/CompArch/raycastGit/raycast/raycast.srcs/sources_1/imports/new/instructionMem.v:11]
WARNING: [Synth 8-6014] Unused sequential element mem_reg[980] was removed.  [C:/Vivado/CompArch/raycastGit/raycast/raycast.srcs/sources_1/imports/new/instructionMem.v:11]
WARNING: [Synth 8-6014] Unused sequential element mem_reg[979] was removed.  [C:/Vivado/CompArch/raycastGit/raycast/raycast.srcs/sources_1/imports/new/instructionMem.v:11]
WARNING: [Synth 8-6014] Unused sequential element mem_reg[978] was removed.  [C:/Vivado/CompArch/raycastGit/raycast/raycast.srcs/sources_1/imports/new/instructionMem.v:11]
WARNING: [Synth 8-6014] Unused sequential element mem_reg[977] was removed.  [C:/Vivado/CompArch/raycastGit/raycast/raycast.srcs/sources_1/imports/new/instructionMem.v:11]
WARNING: [Synth 8-6014] Unused sequential element mem_reg[976] was removed.  [C:/Vivado/CompArch/raycastGit/raycast/raycast.srcs/sources_1/imports/new/instructionMem.v:11]
WARNING: [Synth 8-6014] Unused sequential element mem_reg[975] was removed.  [C:/Vivado/CompArch/raycastGit/raycast/raycast.srcs/sources_1/imports/new/instructionMem.v:11]
WARNING: [Synth 8-6014] Unused sequential element mem_reg[974] was removed.  [C:/Vivado/CompArch/raycastGit/raycast/raycast.srcs/sources_1/imports/new/instructionMem.v:11]
WARNING: [Synth 8-6014] Unused sequential element mem_reg[973] was removed.  [C:/Vivado/CompArch/raycastGit/raycast/raycast.srcs/sources_1/imports/new/instructionMem.v:11]
WARNING: [Synth 8-6014] Unused sequential element mem_reg[972] was removed.  [C:/Vivado/CompArch/raycastGit/raycast/raycast.srcs/sources_1/imports/new/instructionMem.v:11]
WARNING: [Synth 8-6014] Unused sequential element mem_reg[971] was removed.  [C:/Vivado/CompArch/raycastGit/raycast/raycast.srcs/sources_1/imports/new/instructionMem.v:11]
WARNING: [Synth 8-6014] Unused sequential element mem_reg[970] was removed.  [C:/Vivado/CompArch/raycastGit/raycast/raycast.srcs/sources_1/imports/new/instructionMem.v:11]
WARNING: [Synth 8-6014] Unused sequential element mem_reg[969] was removed.  [C:/Vivado/CompArch/raycastGit/raycast/raycast.srcs/sources_1/imports/new/instructionMem.v:11]
WARNING: [Synth 8-6014] Unused sequential element mem_reg[968] was removed.  [C:/Vivado/CompArch/raycastGit/raycast/raycast.srcs/sources_1/imports/new/instructionMem.v:11]
WARNING: [Synth 8-6014] Unused sequential element mem_reg[967] was removed.  [C:/Vivado/CompArch/raycastGit/raycast/raycast.srcs/sources_1/imports/new/instructionMem.v:11]
WARNING: [Synth 8-6014] Unused sequential element mem_reg[966] was removed.  [C:/Vivado/CompArch/raycastGit/raycast/raycast.srcs/sources_1/imports/new/instructionMem.v:11]
WARNING: [Synth 8-6014] Unused sequential element mem_reg[965] was removed.  [C:/Vivado/CompArch/raycastGit/raycast/raycast.srcs/sources_1/imports/new/instructionMem.v:11]
WARNING: [Synth 8-6014] Unused sequential element mem_reg[964] was removed.  [C:/Vivado/CompArch/raycastGit/raycast/raycast.srcs/sources_1/imports/new/instructionMem.v:11]
WARNING: [Synth 8-6014] Unused sequential element mem_reg[963] was removed.  [C:/Vivado/CompArch/raycastGit/raycast/raycast.srcs/sources_1/imports/new/instructionMem.v:11]
WARNING: [Synth 8-6014] Unused sequential element mem_reg[962] was removed.  [C:/Vivado/CompArch/raycastGit/raycast/raycast.srcs/sources_1/imports/new/instructionMem.v:11]
WARNING: [Synth 8-6014] Unused sequential element mem_reg[961] was removed.  [C:/Vivado/CompArch/raycastGit/raycast/raycast.srcs/sources_1/imports/new/instructionMem.v:11]
WARNING: [Synth 8-6014] Unused sequential element mem_reg[960] was removed.  [C:/Vivado/CompArch/raycastGit/raycast/raycast.srcs/sources_1/imports/new/instructionMem.v:11]
WARNING: [Synth 8-6014] Unused sequential element mem_reg[959] was removed.  [C:/Vivado/CompArch/raycastGit/raycast/raycast.srcs/sources_1/imports/new/instructionMem.v:11]
WARNING: [Synth 8-6014] Unused sequential element mem_reg[958] was removed.  [C:/Vivado/CompArch/raycastGit/raycast/raycast.srcs/sources_1/imports/new/instructionMem.v:11]
WARNING: [Synth 8-6014] Unused sequential element mem_reg[957] was removed.  [C:/Vivado/CompArch/raycastGit/raycast/raycast.srcs/sources_1/imports/new/instructionMem.v:11]
WARNING: [Synth 8-6014] Unused sequential element mem_reg[956] was removed.  [C:/Vivado/CompArch/raycastGit/raycast/raycast.srcs/sources_1/imports/new/instructionMem.v:11]
WARNING: [Synth 8-6014] Unused sequential element mem_reg[955] was removed.  [C:/Vivado/CompArch/raycastGit/raycast/raycast.srcs/sources_1/imports/new/instructionMem.v:11]
WARNING: [Synth 8-6014] Unused sequential element mem_reg[954] was removed.  [C:/Vivado/CompArch/raycastGit/raycast/raycast.srcs/sources_1/imports/new/instructionMem.v:11]
WARNING: [Synth 8-6014] Unused sequential element mem_reg[953] was removed.  [C:/Vivado/CompArch/raycastGit/raycast/raycast.srcs/sources_1/imports/new/instructionMem.v:11]
WARNING: [Synth 8-6014] Unused sequential element mem_reg[952] was removed.  [C:/Vivado/CompArch/raycastGit/raycast/raycast.srcs/sources_1/imports/new/instructionMem.v:11]
WARNING: [Synth 8-6014] Unused sequential element mem_reg[951] was removed.  [C:/Vivado/CompArch/raycastGit/raycast/raycast.srcs/sources_1/imports/new/instructionMem.v:11]
WARNING: [Synth 8-6014] Unused sequential element mem_reg[950] was removed.  [C:/Vivado/CompArch/raycastGit/raycast/raycast.srcs/sources_1/imports/new/instructionMem.v:11]
WARNING: [Synth 8-6014] Unused sequential element mem_reg[949] was removed.  [C:/Vivado/CompArch/raycastGit/raycast/raycast.srcs/sources_1/imports/new/instructionMem.v:11]
WARNING: [Synth 8-6014] Unused sequential element mem_reg[948] was removed.  [C:/Vivado/CompArch/raycastGit/raycast/raycast.srcs/sources_1/imports/new/instructionMem.v:11]
WARNING: [Synth 8-6014] Unused sequential element mem_reg[947] was removed.  [C:/Vivado/CompArch/raycastGit/raycast/raycast.srcs/sources_1/imports/new/instructionMem.v:11]
WARNING: [Synth 8-6014] Unused sequential element mem_reg[946] was removed.  [C:/Vivado/CompArch/raycastGit/raycast/raycast.srcs/sources_1/imports/new/instructionMem.v:11]
WARNING: [Synth 8-6014] Unused sequential element mem_reg[945] was removed.  [C:/Vivado/CompArch/raycastGit/raycast/raycast.srcs/sources_1/imports/new/instructionMem.v:11]
WARNING: [Synth 8-6014] Unused sequential element mem_reg[944] was removed.  [C:/Vivado/CompArch/raycastGit/raycast/raycast.srcs/sources_1/imports/new/instructionMem.v:11]
WARNING: [Synth 8-6014] Unused sequential element mem_reg[943] was removed.  [C:/Vivado/CompArch/raycastGit/raycast/raycast.srcs/sources_1/imports/new/instructionMem.v:11]
WARNING: [Synth 8-6014] Unused sequential element mem_reg[942] was removed.  [C:/Vivado/CompArch/raycastGit/raycast/raycast.srcs/sources_1/imports/new/instructionMem.v:11]
WARNING: [Synth 8-6014] Unused sequential element mem_reg[941] was removed.  [C:/Vivado/CompArch/raycastGit/raycast/raycast.srcs/sources_1/imports/new/instructionMem.v:11]
WARNING: [Synth 8-6014] Unused sequential element mem_reg[940] was removed.  [C:/Vivado/CompArch/raycastGit/raycast/raycast.srcs/sources_1/imports/new/instructionMem.v:11]
WARNING: [Synth 8-6014] Unused sequential element mem_reg[939] was removed.  [C:/Vivado/CompArch/raycastGit/raycast/raycast.srcs/sources_1/imports/new/instructionMem.v:11]
WARNING: [Synth 8-6014] Unused sequential element mem_reg[938] was removed.  [C:/Vivado/CompArch/raycastGit/raycast/raycast.srcs/sources_1/imports/new/instructionMem.v:11]
WARNING: [Synth 8-6014] Unused sequential element mem_reg[937] was removed.  [C:/Vivado/CompArch/raycastGit/raycast/raycast.srcs/sources_1/imports/new/instructionMem.v:11]
WARNING: [Synth 8-6014] Unused sequential element mem_reg[936] was removed.  [C:/Vivado/CompArch/raycastGit/raycast/raycast.srcs/sources_1/imports/new/instructionMem.v:11]
WARNING: [Synth 8-6014] Unused sequential element mem_reg[935] was removed.  [C:/Vivado/CompArch/raycastGit/raycast/raycast.srcs/sources_1/imports/new/instructionMem.v:11]
WARNING: [Synth 8-6014] Unused sequential element mem_reg[934] was removed.  [C:/Vivado/CompArch/raycastGit/raycast/raycast.srcs/sources_1/imports/new/instructionMem.v:11]
WARNING: [Synth 8-6014] Unused sequential element mem_reg[933] was removed.  [C:/Vivado/CompArch/raycastGit/raycast/raycast.srcs/sources_1/imports/new/instructionMem.v:11]
WARNING: [Synth 8-6014] Unused sequential element mem_reg[932] was removed.  [C:/Vivado/CompArch/raycastGit/raycast/raycast.srcs/sources_1/imports/new/instructionMem.v:11]
WARNING: [Synth 8-6014] Unused sequential element mem_reg[931] was removed.  [C:/Vivado/CompArch/raycastGit/raycast/raycast.srcs/sources_1/imports/new/instructionMem.v:11]
WARNING: [Synth 8-6014] Unused sequential element mem_reg[930] was removed.  [C:/Vivado/CompArch/raycastGit/raycast/raycast.srcs/sources_1/imports/new/instructionMem.v:11]
WARNING: [Synth 8-6014] Unused sequential element mem_reg[929] was removed.  [C:/Vivado/CompArch/raycastGit/raycast/raycast.srcs/sources_1/imports/new/instructionMem.v:11]
WARNING: [Synth 8-6014] Unused sequential element mem_reg[928] was removed.  [C:/Vivado/CompArch/raycastGit/raycast/raycast.srcs/sources_1/imports/new/instructionMem.v:11]
WARNING: [Synth 8-6014] Unused sequential element mem_reg[927] was removed.  [C:/Vivado/CompArch/raycastGit/raycast/raycast.srcs/sources_1/imports/new/instructionMem.v:11]
WARNING: [Synth 8-6014] Unused sequential element mem_reg[926] was removed.  [C:/Vivado/CompArch/raycastGit/raycast/raycast.srcs/sources_1/imports/new/instructionMem.v:11]
WARNING: [Synth 8-6014] Unused sequential element mem_reg[925] was removed.  [C:/Vivado/CompArch/raycastGit/raycast/raycast.srcs/sources_1/imports/new/instructionMem.v:11]
WARNING: [Synth 8-6014] Unused sequential element mem_reg[924] was removed.  [C:/Vivado/CompArch/raycastGit/raycast/raycast.srcs/sources_1/imports/new/instructionMem.v:11]
WARNING: [Synth 8-6014] Unused sequential element mem_reg[923] was removed.  [C:/Vivado/CompArch/raycastGit/raycast/raycast.srcs/sources_1/imports/new/instructionMem.v:11]
INFO: [Common 17-14] Message 'Synth 8-6014' appears 100 times and further instances of the messages will be disabled. Use the Tcl command set_msg_config to change the current settings.
WARNING: [Synth 8-7137] Register mem_reg[-1] in module memory has both Set and reset with same priority. This may cause simulation mismatches. Consider rewriting code  [C:/Vivado/CompArch/raycastGit/raycast/raycast.srcs/sources_1/imports/new/memory.v:44]
WARNING: [Synth 8-7137] Register mem_reg[0] in module memory has both Set and reset with same priority. This may cause simulation mismatches. Consider rewriting code  [C:/Vivado/CompArch/raycastGit/raycast/raycast.srcs/sources_1/imports/new/memory.v:44]
WARNING: [Synth 8-7129] Port if_id_IR[31] in module jTypeAddressProcessor is either unconnected or has no load
WARNING: [Synth 8-7129] Port if_id_IR[30] in module jTypeAddressProcessor is either unconnected or has no load
WARNING: [Synth 8-7129] Port if_id_IR[29] in module jTypeAddressProcessor is either unconnected or has no load
WARNING: [Synth 8-7129] Port if_id_IR[28] in module jTypeAddressProcessor is either unconnected or has no load
WARNING: [Synth 8-7129] Port if_id_IR[27] in module jTypeAddressProcessor is either unconnected or has no load
WARNING: [Synth 8-7129] Port if_id_IR[26] in module jTypeAddressProcessor is either unconnected or has no load
WARNING: [Synth 8-7129] Port if_id_NPC[27] in module jTypeAddressProcessor is either unconnected or has no load
WARNING: [Synth 8-7129] Port if_id_NPC[26] in module jTypeAddressProcessor is either unconnected or has no load
WARNING: [Synth 8-7129] Port if_id_NPC[25] in module jTypeAddressProcessor is either unconnected or has no load
WARNING: [Synth 8-7129] Port if_id_NPC[24] in module jTypeAddressProcessor is either unconnected or has no load
WARNING: [Synth 8-7129] Port if_id_NPC[23] in module jTypeAddressProcessor is either unconnected or has no load
WARNING: [Synth 8-7129] Port if_id_NPC[22] in module jTypeAddressProcessor is either unconnected or has no load
WARNING: [Synth 8-7129] Port if_id_NPC[21] in module jTypeAddressProcessor is either unconnected or has no load
WARNING: [Synth 8-7129] Port if_id_NPC[20] in module jTypeAddressProcessor is either unconnected or has no load
WARNING: [Synth 8-7129] Port if_id_NPC[19] in module jTypeAddressProcessor is either unconnected or has no load
WARNING: [Synth 8-7129] Port if_id_NPC[18] in module jTypeAddressProcessor is either unconnected or has no load
WARNING: [Synth 8-7129] Port if_id_NPC[17] in module jTypeAddressProcessor is either unconnected or has no load
WARNING: [Synth 8-7129] Port if_id_NPC[16] in module jTypeAddressProcessor is either unconnected or has no load
WARNING: [Synth 8-7129] Port if_id_NPC[15] in module jTypeAddressProcessor is either unconnected or has no load
WARNING: [Synth 8-7129] Port if_id_NPC[14] in module jTypeAddressProcessor is either unconnected or has no load
WARNING: [Synth 8-7129] Port if_id_NPC[13] in module jTypeAddressProcessor is either unconnected or has no load
WARNING: [Synth 8-7129] Port if_id_NPC[12] in module jTypeAddressProcessor is either unconnected or has no load
WARNING: [Synth 8-7129] Port if_id_NPC[11] in module jTypeAddressProcessor is either unconnected or has no load
WARNING: [Synth 8-7129] Port if_id_NPC[10] in module jTypeAddressProcessor is either unconnected or has no load
WARNING: [Synth 8-7129] Port if_id_NPC[9] in module jTypeAddressProcessor is either unconnected or has no load
WARNING: [Synth 8-7129] Port if_id_NPC[8] in module jTypeAddressProcessor is either unconnected or has no load
WARNING: [Synth 8-7129] Port if_id_NPC[7] in module jTypeAddressProcessor is either unconnected or has no load
WARNING: [Synth 8-7129] Port if_id_NPC[6] in module jTypeAddressProcessor is either unconnected or has no load
WARNING: [Synth 8-7129] Port if_id_NPC[5] in module jTypeAddressProcessor is either unconnected or has no load
WARNING: [Synth 8-7129] Port if_id_NPC[4] in module jTypeAddressProcessor is either unconnected or has no load
WARNING: [Synth 8-7129] Port if_id_NPC[3] in module jTypeAddressProcessor is either unconnected or has no load
WARNING: [Synth 8-7129] Port if_id_NPC[2] in module jTypeAddressProcessor is either unconnected or has no load
WARNING: [Synth 8-7129] Port if_id_NPC[1] in module jTypeAddressProcessor is either unconnected or has no load
WARNING: [Synth 8-7129] Port if_id_NPC[0] in module jTypeAddressProcessor is either unconnected or has no load
WARNING: [Synth 8-7129] Port pcVal[31] in module instructionMem is either unconnected or has no load
WARNING: [Synth 8-7129] Port pcVal[30] in module instructionMem is either unconnected or has no load
WARNING: [Synth 8-7129] Port pcVal[29] in module instructionMem is either unconnected or has no load
WARNING: [Synth 8-7129] Port pcVal[28] in module instructionMem is either unconnected or has no load
WARNING: [Synth 8-7129] Port pcVal[27] in module instructionMem is either unconnected or has no load
WARNING: [Synth 8-7129] Port pcVal[26] in module instructionMem is either unconnected or has no load
WARNING: [Synth 8-7129] Port pcVal[25] in module instructionMem is either unconnected or has no load
WARNING: [Synth 8-7129] Port pcVal[24] in module instructionMem is either unconnected or has no load
WARNING: [Synth 8-7129] Port pcVal[23] in module instructionMem is either unconnected or has no load
WARNING: [Synth 8-7129] Port pcVal[22] in module instructionMem is either unconnected or has no load
WARNING: [Synth 8-7129] Port pcVal[21] in module instructionMem is either unconnected or has no load
WARNING: [Synth 8-7129] Port pcVal[20] in module instructionMem is either unconnected or has no load
WARNING: [Synth 8-7129] Port pcVal[19] in module instructionMem is either unconnected or has no load
WARNING: [Synth 8-7129] Port pcVal[18] in module instructionMem is either unconnected or has no load
WARNING: [Synth 8-7129] Port pcVal[17] in module instructionMem is either unconnected or has no load
WARNING: [Synth 8-7129] Port pcVal[16] in module instructionMem is either unconnected or has no load
WARNING: [Synth 8-7129] Port pcVal[15] in module instructionMem is either unconnected or has no load
WARNING: [Synth 8-7129] Port pcVal[14] in module instructionMem is either unconnected or has no load
WARNING: [Synth 8-7129] Port pcVal[13] in module instructionMem is either unconnected or has no load
WARNING: [Synth 8-7129] Port pcVal[12] in module instructionMem is either unconnected or has no load
WARNING: [Synth 8-7129] Port pcVal[11] in module instructionMem is either unconnected or has no load
WARNING: [Synth 8-7129] Port pcVal[10] in module instructionMem is either unconnected or has no load
WARNING: [Synth 8-7129] Port sw in module parent is either unconnected or has no load
---------------------------------------------------------------------------------
Finished RTL Elaboration : Time (s): cpu = 00:00:16 ; elapsed = 00:00:19 . Memory (MB): peak = 1783.324 ; gain = 1061.820
---------------------------------------------------------------------------------
---------------------------------------------------------------------------------
Start Handling Custom Attributes
---------------------------------------------------------------------------------
---------------------------------------------------------------------------------
Finished Handling Custom Attributes : Time (s): cpu = 00:00:16 ; elapsed = 00:00:19 . Memory (MB): peak = 1783.324 ; gain = 1061.820
---------------------------------------------------------------------------------
---------------------------------------------------------------------------------
Finished RTL Optimization Phase 1 : Time (s): cpu = 00:00:16 ; elapsed = 00:00:19 . Memory (MB): peak = 1783.324 ; gain = 1061.820
---------------------------------------------------------------------------------
Netlist sorting complete. Time (s): cpu = 00:00:03 ; elapsed = 00:00:04 . Memory (MB): peak = 1832.336 ; gain = 5.395
INFO: [Project 1-570] Preparing netlist for logic optimization

Processing XDC Constraints
Initializing timing engine
Parsing XDC File [C:/Vivado/CompArch/raycastGit/raycast/raycast.srcs/constrs_1/new/paintConstr.xdc]
Finished Parsing XDC File [C:/Vivado/CompArch/raycastGit/raycast/raycast.srcs/constrs_1/new/paintConstr.xdc]
INFO: [Project 1-236] Implementation specific constraints were found while reading constraint file [C:/Vivado/CompArch/raycastGit/raycast/raycast.srcs/constrs_1/new/paintConstr.xdc]. These constraints will be ignored for synthesis but will be used in implementation. Impacted constraints are listed in the file [.Xil/parent_propImpl.xdc].
Resolution: To avoid this warning, move constraints listed in [.Xil/parent_propImpl.xdc] to another XDC file and exclude this new file from synthesis with the used_in_synthesis property (File Properties dialog in GUI) and re-run elaboration/synthesis.
Completed Processing XDC Constraints

Netlist sorting complete. Time (s): cpu = 00:00:00 ; elapsed = 00:00:00.003 . Memory (MB): peak = 2448.473 ; gain = 0.000
INFO: [Project 1-111] Unisim Transformation Summary:
No Unisim elements were transformed.

---------------------------------------------------------------------------------
Finished Constraint Validation : Time (s): cpu = 00:01:29 ; elapsed = 00:01:30 . Memory (MB): peak = 2448.473 ; gain = 1726.969
---------------------------------------------------------------------------------
---------------------------------------------------------------------------------
Start Loading Part and Timing Information
---------------------------------------------------------------------------------
Loading part: xc7z020clg400-1
---------------------------------------------------------------------------------
Finished Loading Part and Timing Information : Time (s): cpu = 00:01:29 ; elapsed = 00:01:30 . Memory (MB): peak = 2448.473 ; gain = 1726.969
---------------------------------------------------------------------------------
---------------------------------------------------------------------------------
Start Applying 'set_property' XDC Constraints
---------------------------------------------------------------------------------
---------------------------------------------------------------------------------
Finished applying 'set_property' XDC Constraints : Time (s): cpu = 00:01:29 ; elapsed = 00:01:30 . Memory (MB): peak = 2448.473 ; gain = 1726.969
---------------------------------------------------------------------------------
---------------------------------------------------------------------------------
Start Preparing Guide Design
---------------------------------------------------------------------------------
got a mismatch pipeline
Is not a child genome
got a mismatch regFile
WARNING: [Synth 8-6702] IncrSynth : Design change found in an area of the design that prevents previous synthesis information being used, Reverting to default synthesis
---------------------------------------------------------------------------------
Finished Doing Graph Differ : Time (s): cpu = 00:01:40 ; elapsed = 00:01:42 . Memory (MB): peak = 2448.473 ; gain = 1726.969
---------------------------------------------------------------------------------
---------------------------------------------------------------------------------
Finished Preparing Guide Design : Time (s): cpu = 00:01:40 ; elapsed = 00:01:42 . Memory (MB): peak = 2448.473 ; gain = 1726.969
---------------------------------------------------------------------------------
INFO: [Synth 8-802] inferred FSM for state register 'state_reg' in module 'spi'
---------------------------------------------------------------------------------------------------
                   State |                     New Encoding |                Previous Encoding 
---------------------------------------------------------------------------------------------------
                 S_RESET |                              000 |                              000
            S_RESET_WAIT |                              001 |                              001
                  S_INIT |                              010 |                              010
             S_PAGE_CMD0 |                              011 |                              011
             S_PAGE_CMD1 |                              100 |                              100
             S_PAGE_CMD2 |                              101 |                              101
                  S_DATA |                              110 |                              110
              S_PAGE_END |                              111 |                              111
---------------------------------------------------------------------------------------------------
INFO: [Synth 8-3354] encoded FSM with state register 'state_reg' using encoding 'sequential' in module 'spi'
---------------------------------------------------------------------------------
Finished RTL Optimization Phase 2 : Time (s): cpu = 00:02:31 ; elapsed = 00:02:35 . Memory (MB): peak = 2511.523 ; gain = 1790.020
---------------------------------------------------------------------------------


Incremental Synthesis Report Summary:

1. Incremental synthesis run: no

   Reason for not running incremental synthesis : Design change found in an area of the design that prevents previous synthesis information being used


INFO: [Synth 8-7130] Flow is switching to default flow due to incremental criteria not met. If you would like to alter this behaviour and have the flow terminate instead, please set the following parameter config_implementation {autoIncr.Synth.RejectBehavior Terminate}
---------------------------------------------------------------------------------
Start RTL Component Statistics 
---------------------------------------------------------------------------------
Detailed RTL Component Info : 
+---Adders : 
	   2 Input   32 Bit       Adders := 86    
	   3 Input   32 Bit       Adders := 1     
	   2 Input   22 Bit       Adders := 1     
	   2 Input   20 Bit       Adders := 2     
	   2 Input   14 Bit       Adders := 1     
	   2 Input    7 Bit       Adders := 1     
	   2 Input    5 Bit       Adders := 1     
	   2 Input    4 Bit       Adders := 1     
	   2 Input    3 Bit       Adders := 3     
+---XORs : 
	   2 Input     32 Bit         XORs := 1     
+---Registers : 
	               32 Bit    Registers := 46    
	               20 Bit    Registers := 2     
	               14 Bit    Registers := 1     
	                8 Bit    Registers := 66    
	                7 Bit    Registers := 1     
	                5 Bit    Registers := 6     
	                4 Bit    Registers := 2     
	                3 Bit    Registers := 3     
	                1 Bit    Registers := 38    
+---Muxes : 
	   2 Input 8192 Bit        Muxes := 64    
	   2 Input   32 Bit        Muxes := 25    
	   4 Input   32 Bit        Muxes := 2     
	   2 Input   20 Bit        Muxes := 4     
	   2 Input    8 Bit        Muxes := 9     
	   3 Input    8 Bit        Muxes := 1     
	   8 Input    8 Bit        Muxes := 2     
	   4 Input    8 Bit        Muxes := 2     
	   8 Input    7 Bit        Muxes := 1     
	   8 Input    5 Bit        Muxes := 1     
	   2 Input    5 Bit        Muxes := 9     
	   2 Input    4 Bit        Muxes := 2     
	   2 Input    3 Bit        Muxes := 3     
	   8 Input    3 Bit        Muxes := 2     
	   2 Input    2 Bit        Muxes := 2     
	   2 Input    1 Bit        Muxes := 57    
	   3 Input    1 Bit        Muxes := 1     
	   8 Input    1 Bit        Muxes := 12    
	  14 Input    1 Bit        Muxes := 9     
	   5 Input    1 Bit        Muxes := 1     
	   4 Input    1 Bit        Muxes := 1     
---------------------------------------------------------------------------------
Finished RTL Component Statistics 
---------------------------------------------------------------------------------
---------------------------------------------------------------------------------
Start Part Resource Summary
---------------------------------------------------------------------------------
Part Resources:
DSPs: 220 (col length:60)
BRAMs: 280 (col length: RAMB18 60 RAMB36 30)
---------------------------------------------------------------------------------
Finished Part Resource Summary
---------------------------------------------------------------------------------
---------------------------------------------------------------------------------
Start Cross Boundary and Area Optimization
---------------------------------------------------------------------------------
WARNING: [Synth 8-7129] Port sw in module parent is either unconnected or has no load
INFO: [Synth 8-5587] ROM size for "aluOp" is below threshold of ROM address width. It will be mapped to LUTs
INFO: [Synth 8-5587] ROM size for "aluOp" is below threshold of ROM address width. It will be mapped to LUTs
INFO: [Synth 8-5544] ROM "MOVEMENT_DIVIDER/divider" won't be mapped to Block RAM because address size (4) smaller than threshold (5)
WARNING: [Synth 8-7129] Port pcVal[31] in module instructionMem is either unconnected or has no load
WARNING: [Synth 8-7129] Port pcVal[30] in module instructionMem is either unconnected or has no load
WARNING: [Synth 8-7129] Port pcVal[29] in module instructionMem is either unconnected or has no load
WARNING: [Synth 8-7129] Port pcVal[28] in module instructionMem is either unconnected or has no load
WARNING: [Synth 8-7129] Port pcVal[27] in module instructionMem is either unconnected or has no load
WARNING: [Synth 8-7129] Port pcVal[26] in module instructionMem is either unconnected or has no load
WARNING: [Synth 8-7129] Port pcVal[25] in module instructionMem is either unconnected or has no load
WARNING: [Synth 8-7129] Port pcVal[24] in module instructionMem is either unconnected or has no load
WARNING: [Synth 8-7129] Port pcVal[23] in module instructionMem is either unconnected or has no load
WARNING: [Synth 8-7129] Port pcVal[22] in module instructionMem is either unconnected or has no load
WARNING: [Synth 8-7129] Port pcVal[21] in module instructionMem is either unconnected or has no load
WARNING: [Synth 8-7129] Port pcVal[20] in module instructionMem is either unconnected or has no load
WARNING: [Synth 8-7129] Port pcVal[19] in module instructionMem is either unconnected or has no load
WARNING: [Synth 8-7129] Port pcVal[18] in module instructionMem is either unconnected or has no load
WARNING: [Synth 8-7129] Port pcVal[17] in module instructionMem is either unconnected or has no load
WARNING: [Synth 8-7129] Port pcVal[16] in module instructionMem is either unconnected or has no load
WARNING: [Synth 8-7129] Port pcVal[15] in module instructionMem is either unconnected or has no load
WARNING: [Synth 8-7129] Port pcVal[14] in module instructionMem is either unconnected or has no load
WARNING: [Synth 8-7129] Port pcVal[13] in module instructionMem is either unconnected or has no load
WARNING: [Synth 8-7129] Port pcVal[12] in module instructionMem is either unconnected or has no load
WARNING: [Synth 8-7129] Port pcVal[11] in module instructionMem is either unconnected or has no load
WARNING: [Synth 8-7129] Port pcVal[10] in module instructionMem is either unconnected or has no load
INFO: [Synth 8-3886] merging instance 'PIPELINE/IMEM/mem_reg[4][0]' (FD) to 'PIPELINE/IMEM/mem_reg[49][3]'
INFO: [Synth 8-3886] merging instance 'PIPELINE/IMEM/mem_reg[49][0]' (FD) to 'PIPELINE/IMEM/mem_reg[49][3]'
INFO: [Synth 8-3886] merging instance 'PIPELINE/IMEM/mem_reg[53][0]' (FD) to 'PIPELINE/IMEM/mem_reg[49][7]'
INFO: [Synth 8-3886] merging instance 'PIPELINE/IMEM/mem_reg[57][0]' (FD) to 'PIPELINE/IMEM/mem_reg[49][7]'
INFO: [Synth 8-3886] merging instance 'PIPELINE/IMEM/mem_reg[79][0]' (FD) to 'PIPELINE/IMEM/mem_reg[49][3]'
INFO: [Synth 8-3886] merging instance 'PIPELINE/IMEM/mem_reg[101][0]' (FD) to 'PIPELINE/IMEM/mem_reg[49][7]'
INFO: [Synth 8-3886] merging instance 'PIPELINE/IMEM/mem_reg[121][0]' (FD) to 'PIPELINE/IMEM/mem_reg[49][3]'
INFO: [Synth 8-3886] merging instance 'PIPELINE/IMEM/mem_reg[145][0]' (FD) to 'PIPELINE/IMEM/mem_reg[49][7]'
INFO: [Synth 8-3886] merging instance 'PIPELINE/IMEM/mem_reg[161][0]' (FD) to 'PIPELINE/IMEM/mem_reg[49][3]'
INFO: [Synth 8-3886] merging instance 'PIPELINE/IMEM/mem_reg[213][0]' (FD) to 'PIPELINE/IMEM/mem_reg[49][3]'
INFO: [Synth 8-3886] merging instance 'PIPELINE/IMEM/mem_reg[237][0]' (FD) to 'PIPELINE/IMEM/mem_reg[49][7]'
INFO: [Synth 8-3886] merging instance 'PIPELINE/IMEM/mem_reg[253][0]' (FD) to 'PIPELINE/IMEM/mem_reg[49][7]'
INFO: [Synth 8-3886] merging instance 'PIPELINE/IMEM/mem_reg[285][0]' (FD) to 'PIPELINE/IMEM/mem_reg[49][3]'
INFO: [Synth 8-3886] merging instance 'PIPELINE/IMEM/mem_reg[286][0]' (FD) to 'PIPELINE/IMEM/mem_reg[49][7]'
INFO: [Synth 8-3886] merging instance 'PIPELINE/IMEM/mem_reg[289][0]' (FD) to 'PIPELINE/IMEM/mem_reg[49][7]'
INFO: [Synth 8-3886] merging instance 'PIPELINE/IMEM/mem_reg[321][0]' (FD) to 'PIPELINE/IMEM/mem_reg[49][3]'
INFO: [Synth 8-3886] merging instance 'PIPELINE/IMEM/mem_reg[351][0]' (FD) to 'PIPELINE/IMEM/mem_reg[49][3]'
INFO: [Synth 8-3886] merging instance 'PIPELINE/IMEM/mem_reg[359][0]' (FD) to 'PIPELINE/IMEM/mem_reg[49][3]'
INFO: [Synth 8-3886] merging instance 'PIPELINE/IMEM/mem_reg[377][0]' (FD) to 'PIPELINE/IMEM/mem_reg[49][3]'
INFO: [Synth 8-3886] merging instance 'PIPELINE/IMEM/mem_reg[501][0]' (FD) to 'PIPELINE/IMEM/mem_reg[49][7]'
INFO: [Synth 8-3886] merging instance 'PIPELINE/IMEM/mem_reg[511][0]' (FD) to 'PIPELINE/IMEM/mem_reg[49][7]'
INFO: [Synth 8-3886] merging instance 'PIPELINE/IMEM/mem_reg[539][0]' (FD) to 'PIPELINE/IMEM/mem_reg[49][3]'
INFO: [Synth 8-3886] merging instance 'PIPELINE/IMEM/mem_reg[564][0]' (FD) to 'PIPELINE/IMEM/mem_reg[49][7]'
INFO: [Synth 8-3886] merging instance 'PIPELINE/IMEM/mem_reg[565][0]' (FD) to 'PIPELINE/IMEM/mem_reg[49][3]'
INFO: [Synth 8-3886] merging instance 'PIPELINE/IMEM/mem_reg[567][0]' (FD) to 'PIPELINE/IMEM/mem_reg[49][3]'
INFO: [Synth 8-3886] merging instance 'PIPELINE/IMEM/mem_reg[568][0]' (FD) to 'PIPELINE/IMEM/mem_reg[49][7]'
INFO: [Synth 8-3886] merging instance 'PIPELINE/IMEM/mem_reg[571][0]' (FD) to 'PIPELINE/IMEM/mem_reg[49][7]'
INFO: [Synth 8-3886] merging instance 'PIPELINE/IMEM/mem_reg[585][0]' (FD) to 'PIPELINE/IMEM/mem_reg[49][3]'
INFO: [Synth 8-3886] merging instance 'PIPELINE/IMEM/mem_reg[589][0]' (FD) to 'PIPELINE/IMEM/mem_reg[49][7]'
INFO: [Synth 8-3886] merging instance 'PIPELINE/IMEM/mem_reg[596][0]' (FD) to 'PIPELINE/IMEM/mem_reg[49][7]'
INFO: [Synth 8-3886] merging instance 'PIPELINE/IMEM/mem_reg[598][0]' (FD) to 'PIPELINE/IMEM/mem_reg[49][7]'
INFO: [Synth 8-3886] merging instance 'PIPELINE/IMEM/mem_reg[601][0]' (FD) to 'PIPELINE/IMEM/mem_reg[49][7]'
INFO: [Synth 8-3886] merging instance 'PIPELINE/IMEM/mem_reg[603][0]' (FD) to 'PIPELINE/IMEM/mem_reg[49][3]'
INFO: [Synth 8-3886] merging instance 'PIPELINE/IMEM/mem_reg[604][0]' (FD) to 'PIPELINE/IMEM/mem_reg[49][3]'
INFO: [Synth 8-3886] merging instance 'PIPELINE/IMEM/mem_reg[623][0]' (FD) to 'PIPELINE/IMEM/mem_reg[49][3]'
INFO: [Synth 8-3886] merging instance 'PIPELINE/IMEM/mem_reg[625][0]' (FD) to 'PIPELINE/IMEM/mem_reg[49][7]'
INFO: [Synth 8-3886] merging instance 'PIPELINE/IMEM/mem_reg[627][0]' (FD) to 'PIPELINE/IMEM/mem_reg[49][3]'
INFO: [Synth 8-3886] merging instance 'PIPELINE/IMEM/mem_reg[667][0]' (FD) to 'PIPELINE/IMEM/mem_reg[49][7]'
INFO: [Synth 8-3886] merging instance 'PIPELINE/IMEM/mem_reg[693][0]' (FD) to 'PIPELINE/IMEM/mem_reg[49][7]'
INFO: [Synth 8-3886] merging instance 'PIPELINE/IMEM/mem_reg[716][0]' (FD) to 'PIPELINE/IMEM/mem_reg[49][7]'
INFO: [Synth 8-3886] merging instance 'PIPELINE/IMEM/mem_reg[717][0]' (FD) to 'PIPELINE/IMEM/mem_reg[49][7]'
INFO: [Synth 8-3886] merging instance 'PIPELINE/IMEM/mem_reg[719][0]' (FD) to 'PIPELINE/IMEM/mem_reg[49][3]'
INFO: [Synth 8-3886] merging instance 'PIPELINE/IMEM/mem_reg[721][0]' (FD) to 'PIPELINE/IMEM/mem_reg[49][7]'
INFO: [Synth 8-3886] merging instance 'PIPELINE/IMEM/mem_reg[722][0]' (FD) to 'PIPELINE/IMEM/mem_reg[49][7]'
INFO: [Synth 8-3886] merging instance 'PIPELINE/IMEM/mem_reg[723][0]' (FD) to 'PIPELINE/IMEM/mem_reg[49][7]'
INFO: [Synth 8-3886] merging instance 'PIPELINE/IMEM/mem_reg[724][0]' (FD) to 'PIPELINE/IMEM/mem_reg[49][7]'
INFO: [Synth 8-3886] merging instance 'PIPELINE/IMEM/mem_reg[783][0]' (FD) to 'PIPELINE/IMEM/mem_reg[49][3]'
INFO: [Synth 8-3886] merging instance 'PIPELINE/IMEM/mem_reg[784][0]' (FD) to 'PIPELINE/IMEM/mem_reg[49][7]'
INFO: [Synth 8-3886] merging instance 'PIPELINE/IMEM/mem_reg[785][0]' (FD) to 'PIPELINE/IMEM/mem_reg[49][3]'
INFO: [Synth 8-3886] merging instance 'PIPELINE/IMEM/mem_reg[787][0]' (FD) to 'PIPELINE/IMEM/mem_reg[49][7]'
INFO: [Synth 8-3886] merging instance 'PIPELINE/IMEM/mem_reg[1023][0]' (FD) to 'PIPELINE/IMEM/mem_reg[49][7]'
INFO: [Synth 8-3886] merging instance 'PIPELINE/IMEM/mem_reg[788][0]' (FD) to 'PIPELINE/IMEM/mem_reg[49][7]'
INFO: [Synth 8-3886] merging instance 'PIPELINE/IMEM/mem_reg[791][0]' (FD) to 'PIPELINE/IMEM/mem_reg[49][3]'
INFO: [Synth 8-3886] merging instance 'PIPELINE/IMEM/mem_reg[725][0]' (FD) to 'PIPELINE/IMEM/mem_reg[49][7]'
INFO: [Synth 8-3886] merging instance 'PIPELINE/IMEM/mem_reg[727][0]' (FD) to 'PIPELINE/IMEM/mem_reg[49][3]'
INFO: [Synth 8-3886] merging instance 'PIPELINE/IMEM/mem_reg[759][0]' (FD) to 'PIPELINE/IMEM/mem_reg[49][3]'
INFO: [Synth 8-3886] merging instance 'PIPELINE/IMEM/mem_reg[772][0]' (FD) to 'PIPELINE/IMEM/mem_reg[49][7]'
INFO: [Synth 8-3886] merging instance 'PIPELINE/IMEM/mem_reg[773][0]' (FD) to 'PIPELINE/IMEM/mem_reg[49][3]'
INFO: [Synth 8-3886] merging instance 'PIPELINE/IMEM/mem_reg[777][0]' (FD) to 'PIPELINE/IMEM/mem_reg[49][3]'
INFO: [Synth 8-3886] merging instance 'PIPELINE/IMEM/mem_reg[779][0]' (FD) to 'PIPELINE/IMEM/mem_reg[49][3]'
INFO: [Synth 8-3886] merging instance 'PIPELINE/IMEM/mem_reg[781][0]' (FD) to 'PIPELINE/IMEM/mem_reg[49][7]'
INFO: [Synth 8-3886] merging instance 'PIPELINE/IMEM/mem_reg[4][1]' (FD) to 'PIPELINE/IMEM/mem_reg[49][7]'
INFO: [Synth 8-3886] merging instance 'PIPELINE/IMEM/mem_reg[49][1]' (FD) to 'PIPELINE/IMEM/mem_reg[49][7]'
INFO: [Synth 8-3886] merging instance 'PIPELINE/IMEM/mem_reg[53][1]' (FD) to 'PIPELINE/IMEM/mem_reg[49][3]'
INFO: [Synth 8-3886] merging instance 'PIPELINE/IMEM/mem_reg[57][1]' (FD) to 'PIPELINE/IMEM/mem_reg[49][7]'
INFO: [Synth 8-3886] merging instance 'PIPELINE/IMEM/mem_reg[79][1]' (FD) to 'PIPELINE/IMEM/mem_reg[49][3]'
INFO: [Synth 8-3886] merging instance 'PIPELINE/IMEM/mem_reg[101][1]' (FD) to 'PIPELINE/IMEM/mem_reg[49][7]'
INFO: [Synth 8-3886] merging instance 'PIPELINE/IMEM/mem_reg[121][1]' (FD) to 'PIPELINE/IMEM/mem_reg[49][3]'
INFO: [Synth 8-3886] merging instance 'PIPELINE/IMEM/mem_reg[145][1]' (FD) to 'PIPELINE/IMEM/mem_reg[49][7]'
INFO: [Synth 8-3886] merging instance 'PIPELINE/IMEM/mem_reg[161][1]' (FD) to 'PIPELINE/IMEM/mem_reg[49][7]'
INFO: [Synth 8-3886] merging instance 'PIPELINE/IMEM/mem_reg[213][1]' (FD) to 'PIPELINE/IMEM/mem_reg[49][3]'
INFO: [Synth 8-3886] merging instance 'PIPELINE/IMEM/mem_reg[237][1]' (FD) to 'PIPELINE/IMEM/mem_reg[49][7]'
INFO: [Synth 8-3886] merging instance 'PIPELINE/IMEM/mem_reg[253][1]' (FD) to 'PIPELINE/IMEM/mem_reg[49][3]'
INFO: [Synth 8-3886] merging instance 'PIPELINE/IMEM/mem_reg[285][1]' (FD) to 'PIPELINE/IMEM/mem_reg[49][7]'
INFO: [Synth 8-3886] merging instance 'PIPELINE/IMEM/mem_reg[286][1]' (FD) to 'PIPELINE/IMEM/mem_reg[49][7]'
INFO: [Synth 8-3886] merging instance 'PIPELINE/IMEM/mem_reg[289][1]' (FD) to 'PIPELINE/IMEM/mem_reg[49][3]'
INFO: [Synth 8-3886] merging instance 'PIPELINE/IMEM/mem_reg[321][1]' (FD) to 'PIPELINE/IMEM/mem_reg[49][3]'
INFO: [Synth 8-3886] merging instance 'PIPELINE/IMEM/mem_reg[351][1]' (FD) to 'PIPELINE/IMEM/mem_reg[49][3]'
INFO: [Synth 8-3886] merging instance 'PIPELINE/IMEM/mem_reg[359][1]' (FD) to 'PIPELINE/IMEM/mem_reg[49][3]'
INFO: [Synth 8-3886] merging instance 'PIPELINE/IMEM/mem_reg[377][1]' (FD) to 'PIPELINE/IMEM/mem_reg[49][7]'
INFO: [Synth 8-3886] merging instance 'PIPELINE/IMEM/mem_reg[501][1]' (FD) to 'PIPELINE/IMEM/mem_reg[49][7]'
INFO: [Synth 8-3886] merging instance 'PIPELINE/IMEM/mem_reg[511][1]' (FD) to 'PIPELINE/IMEM/mem_reg[49][3]'
INFO: [Synth 8-3886] merging instance 'PIPELINE/IMEM/mem_reg[539][1]' (FD) to 'PIPELINE/IMEM/mem_reg[49][7]'
INFO: [Synth 8-3886] merging instance 'PIPELINE/IMEM/mem_reg[564][1]' (FD) to 'PIPELINE/IMEM/mem_reg[49][7]'
INFO: [Synth 8-3886] merging instance 'PIPELINE/IMEM/mem_reg[565][1]' (FD) to 'PIPELINE/IMEM/mem_reg[49][3]'
INFO: [Synth 8-3886] merging instance 'PIPELINE/IMEM/mem_reg[567][1]' (FD) to 'PIPELINE/IMEM/mem_reg[49][7]'
INFO: [Synth 8-3886] merging instance 'PIPELINE/IMEM/mem_reg[568][1]' (FD) to 'PIPELINE/IMEM/mem_reg[49][7]'
INFO: [Synth 8-3886] merging instance 'PIPELINE/IMEM/mem_reg[571][1]' (FD) to 'PIPELINE/IMEM/mem_reg[49][3]'
INFO: [Synth 8-3886] merging instance 'PIPELINE/IMEM/mem_reg[585][1]' (FD) to 'PIPELINE/IMEM/mem_reg[49][3]'
INFO: [Synth 8-3886] merging instance 'PIPELINE/IMEM/mem_reg[589][1]' (FD) to 'PIPELINE/IMEM/mem_reg[49][3]'
INFO: [Synth 8-3886] merging instance 'PIPELINE/IMEM/mem_reg[596][1]' (FD) to 'PIPELINE/IMEM/mem_reg[49][3]'
INFO: [Synth 8-3886] merging instance 'PIPELINE/IMEM/mem_reg[598][1]' (FD) to 'PIPELINE/IMEM/mem_reg[49][7]'
INFO: [Synth 8-3886] merging instance 'PIPELINE/IMEM/mem_reg[601][1]' (FD) to 'PIPELINE/IMEM/mem_reg[49][7]'
INFO: [Synth 8-3886] merging instance 'PIPELINE/IMEM/mem_reg[603][1]' (FD) to 'PIPELINE/IMEM/mem_reg[49][7]'
INFO: [Synth 8-3886] merging instance 'PIPELINE/IMEM/mem_reg[604][1]' (FD) to 'PIPELINE/IMEM/mem_reg[49][7]'
INFO: [Synth 8-3886] merging instance 'PIPELINE/IMEM/mem_reg[623][1]' (FD) to 'PIPELINE/IMEM/mem_reg[49][3]'
INFO: [Synth 8-3886] merging instance 'PIPELINE/IMEM/mem_reg[625][1]' (FD) to 'PIPELINE/IMEM/mem_reg[49][7]'
INFO: [Synth 8-3886] merging instance 'PIPELINE/IMEM/mem_reg[627][1]' (FD) to 'PIPELINE/IMEM/mem_reg[49][3]'
INFO: [Synth 8-3886] merging instance 'PIPELINE/IMEM/mem_reg[667][1]' (FD) to 'PIPELINE/IMEM/mem_reg[49][7]'
INFO: [Synth 8-3886] merging instance 'PIPELINE/IMEM/mem_reg[693][1]' (FD) to 'PIPELINE/IMEM/mem_reg[49][3]'
INFO: [Common 17-14] Message 'Synth 8-3886' appears 100 times and further instances of the messages will be disabled. Use the Tcl command set_msg_config to change the current settings.
INFO: [Common 17-14] Message 'Synth 8-3886' appears 100 times and further instances of the messages will be disabled. Use the Tcl command set_msg_config to change the current settings.
INFO: [Synth 8-3333] propagating constant 0 across sequential element (PIPELINE/IMEM/\mem_reg[727][2] )
INFO: [Synth 8-3333] propagating constant 1 across sequential element (PIPELINE/IMEM/\mem_reg[781][2] )
INFO: [Synth 8-3333] propagating constant 0 across sequential element (PIPELINE/ID_EX/\id_ex_ALUOp_out_reg[3] )
---------------------------------------------------------------------------------
Finished Cross Boundary and Area Optimization : Time (s): cpu = 00:12:10 ; elapsed = 00:12:58 . Memory (MB): peak = 3309.652 ; gain = 2588.148
---------------------------------------------------------------------------------
---------------------------------------------------------------------------------
Start ROM, RAM, DSP, Shift Register and Retiming Reporting
---------------------------------------------------------------------------------

ROM: Preliminary Mapping Report
+------------+------------+---------------+----------------+
|Module Name | RTL Object | Depth x Width | Implemented As | 
+------------+------------+---------------+----------------+
|spi         | init_rom   | 32x8          | LUT            | 
+------------+------------+---------------+----------------+

---------------------------------------------------------------------------------
Finished ROM, RAM, DSP, Shift Register and Retiming Reporting
---------------------------------------------------------------------------------
---------------------------------------------------------------------------------
Start Applying XDC Timing Constraints
---------------------------------------------------------------------------------
---------------------------------------------------------------------------------
Finished Applying XDC Timing Constraints : Time (s): cpu = 00:12:55 ; elapsed = 00:13:45 . Memory (MB): peak = 3309.652 ; gain = 2588.148
---------------------------------------------------------------------------------
---------------------------------------------------------------------------------
Start Timing Optimization
---------------------------------------------------------------------------------
---------------------------------------------------------------------------------
Finished Timing Optimization : Time (s): cpu = 00:15:07 ; elapsed = 00:16:01 . Memory (MB): peak = 3373.918 ; gain = 2652.414
---------------------------------------------------------------------------------
---------------------------------------------------------------------------------
Start Technology Mapping
---------------------------------------------------------------------------------
---------------------------------------------------------------------------------
Finished Technology Mapping : Time (s): cpu = 00:15:28 ; elapsed = 00:17:47 . Memory (MB): peak = 3383.996 ; gain = 2662.492
---------------------------------------------------------------------------------
---------------------------------------------------------------------------------
Start IO Insertion
---------------------------------------------------------------------------------
---------------------------------------------------------------------------------
Start Flattening Before IO Insertion
---------------------------------------------------------------------------------
---------------------------------------------------------------------------------
Finished Flattening Before IO Insertion
---------------------------------------------------------------------------------
---------------------------------------------------------------------------------
Start Final Netlist Cleanup
---------------------------------------------------------------------------------
---------------------------------------------------------------------------------
Finished Final Netlist Cleanup
---------------------------------------------------------------------------------
---------------------------------------------------------------------------------
Finished IO Insertion : Time (s): cpu = 00:15:45 ; elapsed = 00:18:08 . Memory (MB): peak = 3383.996 ; gain = 2662.492
---------------------------------------------------------------------------------
---------------------------------------------------------------------------------
Start Renaming Generated Instances
---------------------------------------------------------------------------------
---------------------------------------------------------------------------------
Finished Renaming Generated Instances : Time (s): cpu = 00:15:45 ; elapsed = 00:18:09 . Memory (MB): peak = 3383.996 ; gain = 2662.492
---------------------------------------------------------------------------------
---------------------------------------------------------------------------------
Start Rebuilding User Hierarchy
---------------------------------------------------------------------------------
---------------------------------------------------------------------------------
Finished Rebuilding User Hierarchy : Time (s): cpu = 00:15:49 ; elapsed = 00:18:14 . Memory (MB): peak = 3383.996 ; gain = 2662.492
---------------------------------------------------------------------------------
---------------------------------------------------------------------------------
Start Renaming Generated Ports
---------------------------------------------------------------------------------
---------------------------------------------------------------------------------
Finished Renaming Generated Ports : Time (s): cpu = 00:15:50 ; elapsed = 00:18:14 . Memory (MB): peak = 3383.996 ; gain = 2662.492
---------------------------------------------------------------------------------
---------------------------------------------------------------------------------
Start Handling Custom Attributes
---------------------------------------------------------------------------------
---------------------------------------------------------------------------------
Finished Handling Custom Attributes : Time (s): cpu = 00:15:56 ; elapsed = 00:18:21 . Memory (MB): peak = 3383.996 ; gain = 2662.492
---------------------------------------------------------------------------------
---------------------------------------------------------------------------------
Start Renaming Generated Nets
---------------------------------------------------------------------------------
---------------------------------------------------------------------------------
Finished Renaming Generated Nets : Time (s): cpu = 00:15:56 ; elapsed = 00:18:21 . Memory (MB): peak = 3383.996 ; gain = 2662.492
---------------------------------------------------------------------------------
---------------------------------------------------------------------------------
Start Writing Synthesis Report
---------------------------------------------------------------------------------

Report BlackBoxes: 
+-+--------------+----------+
| |BlackBox name |Instances |
+-+--------------+----------+
+-+--------------+----------+

Report Cell Usage: 
+------+-------+------+
|      |Cell   |Count |
+------+-------+------+
|1     |BUFG   |     2|
|2     |CARRY4 |   272|
|3     |LUT1   |    56|
|4     |LUT2   |   481|
|5     |LUT3   |   793|
|6     |LUT4   |   944|
|7     |LUT5   |  1850|
|8     |LUT6   | 27595|
|9     |MUXF7  |   987|
|10    |MUXF8  |   353|
|11    |FDCE   |  1545|
|12    |FDPE   |     4|
|13    |FDRE   |    99|
|14    |FDSE   |     4|
|15    |IBUF   |    11|
|16    |OBUF   |     9|
+------+-------+------+
---------------------------------------------------------------------------------
Finished Writing Synthesis Report : Time (s): cpu = 00:15:56 ; elapsed = 00:18:21 . Memory (MB): peak = 3383.996 ; gain = 2662.492
---------------------------------------------------------------------------------
Synthesis finished with 0 errors, 0 critical warnings and 24 warnings.
Synthesis Optimization Runtime : Time (s): cpu = 00:14:50 ; elapsed = 00:17:35 . Memory (MB): peak = 3383.996 ; gain = 1997.344
Synthesis Optimization Complete : Time (s): cpu = 00:15:57 ; elapsed = 00:18:22 . Memory (MB): peak = 3383.996 ; gain = 2662.492
INFO: [Project 1-571] Translating synthesized netlist
Netlist sorting complete. Time (s): cpu = 00:00:01 ; elapsed = 00:00:00.735 . Memory (MB): peak = 3383.996 ; gain = 0.000
INFO: [Netlist 29-17] Analyzing 1612 Unisim elements for replacement
INFO: [Netlist 29-28] Unisim Transformation completed in 0 CPU seconds
WARNING: [Netlist 29-101] Netlist 'parent' is not ideal for floorplanning, since the cellview 'regFile' contains a large number of primitives.  Please consider enabling hierarchy in synthesis if you want to do floorplanning.
INFO: [Project 1-570] Preparing netlist for logic optimization
INFO: [Opt 31-138] Pushed 0 inverter(s) to 0 load pin(s).
Netlist sorting complete. Time (s): cpu = 00:00:00 ; elapsed = 00:00:00.019 . Memory (MB): peak = 3383.996 ; gain = 0.000
INFO: [Project 1-111] Unisim Transformation Summary:
No Unisim elements were transformed.

Synth Design complete | Checksum: f240f3df
INFO: [Common 17-83] Releasing license: Synthesis
192 Infos, 285 Warnings, 0 Critical Warnings and 0 Errors encountered.
synth_design completed successfully
synth_design: Time (s): cpu = 00:16:11 ; elapsed = 00:18:55 . Memory (MB): peak = 3383.996 ; gain = 2892.746
Write ShapeDB Complete: Time (s): cpu = 00:00:00 ; elapsed = 00:00:00.032 . Memory (MB): peak = 3383.996 ; gain = 0.000
INFO: [Common 17-1381] The checkpoint 'C:/Vivado/CompArch/raycastGit/raycast/raycast.runs/synth_1/parent.dcp' has been generated.
write_checkpoint: Time (s): cpu = 00:00:15 ; elapsed = 00:00:17 . Memory (MB): peak = 3383.996 ; gain = 0.000
INFO: [Vivado 12-24828] Executing command : report_utilization -file parent_utilization_synth.rpt -pb parent_utilization_synth.pb
INFO: [Common 17-206] Exiting Vivado at Tue May 26 15:46:04 2026...
